<?xml version="1.0" ?>
<testsuites disabled="0" errors="0" failures="73" tests="233" time="0.0">
	<testsuite disabled="0" errors="0" failures="73" name="terraform scan" skipped="0" tests="233" time="0">
		<properties>
			<property name="directory" value="['/tf']"/>
			<property name="add_check" value="False"/>
			<property name="list" value="False"/>
			<property name="output" value="['cli', 'junitxml']"/>
			<property name="output_file_path" value="results_final.xml"/>
			<property name="output_bc_ids" value="False"/>
			<property name="include_all_checkov_policies" value="True"/>
			<property name="quiet" value="False"/>
			<property name="compact" value="False"/>
			<property name="framework" value="['all']"/>
			<property name="skip_framework" value="[]"/>
			<property name="run_all_external_checks" value="False"/>
			<property name="soft_fail" value="False"/>
			<property name="skip_results_upload" value="False"/>
			<property name="repo_id" value="cli_repo/tf"/>
			<property name="branch" value="master"/>
			<property name="skip_download" value="False"/>
			<property name="use_enforcement_rules" value="False"/>
			<property name="external_modules_download_path" value=".external_modules"/>
			<property name="evaluate_variables" value="True"/>
			<property name="no_cert_verify" value="False"/>
			<property name="create_baseline" value="False"/>
			<property name="output_baseline_as_skipped" value="False"/>
			<property name="secrets_scan_file_type" value="[]"/>
			<property name="enable_secret_scan_all_files" value="False"/>
			<property name="block_list_secret_scan" value="[]"/>
			<property name="summary_position" value="top"/>
			<property name="skip_resources_without_violations" value="False"/>
			<property name="deep_analysis" value="False"/>
			<property name="no_fail_on_crash" value="False"/>
			<property name="mask" value="defaultdict(&lt;class 'set'&gt;, {})"/>
			<property name="scan_secrets_history" value="False"/>
			<property name="secrets_history_timeout" value="12h"/>
			<property name="custom_tool_name" value="Checkov"/>
		</properties>
		<testcase name="[NONE][CKV_AWS_41] Ensure no hard coded AWS access key and secret key exists in provider" classname="/providers.tf.aws.default" file="/providers.tf"/>
		<testcase name="[NONE][CKV_AWS_41] Ensure no hard coded AWS access key and secret key exists in provider" classname="/providers.tf.aws.us_east_1" file="/providers.tf"/>
		<testcase name="[NONE][CKV_AWS_233] Ensure Create before destroy for ACM certificates" classname="/servicios/acm/main.tf.aws_acm_certificate.cloudfront" file="/servicios/acm/main.tf"/>
		<testcase name="[NONE][CKV_AWS_234] Verify logging preference for ACM certificates" classname="/servicios/acm/main.tf.aws_acm_certificate.cloudfront" file="/servicios/acm/main.tf"/>
		<testcase name="[NONE][CKV_AWS_233] Ensure Create before destroy for ACM certificates" classname="/servicios/acm/main.tf.aws_acm_certificate.alb" file="/servicios/acm/main.tf"/>
		<testcase name="[NONE][CKV_AWS_234] Verify logging preference for ACM certificates" classname="/servicios/acm/main.tf.aws_acm_certificate.alb" file="/servicios/acm/main.tf"/>
		<testcase name="[NONE][CKV_AWS_328] Ensure that ALB is configured with defensive or strictest desync mitigation mode" classname="/servicios/alb/main.tf.aws_lb.main" file="/servicios/alb/main.tf"/>
		<testcase name="[NONE][CKV_AWS_131] Ensure that ALB drops HTTP headers" classname="/servicios/alb/main.tf.aws_lb.main" file="/servicios/alb/main.tf"/>
		<testcase name="[NONE][CKV_AWS_91] Ensure the ELBv2 (Application/Network) has access logging enabled" classname="/servicios/alb/main.tf.aws_lb.main" file="/servicios/alb/main.tf"/>
		<testcase name="[NONE][CKV_AWS_261] Ensure HTTP HTTPS Target group defines Healthcheck" classname="/servicios/alb/main.tf.aws_lb_target_group.crud" file="/servicios/alb/main.tf"/>
		<testcase name="[NONE][CKV_AWS_2] Ensure ALB protocol is HTTPS" classname="/servicios/alb/main.tf.aws_lb_listener.http" file="/servicios/alb/main.tf"/>
		<testcase name="[NONE][CKV_AWS_2] Ensure ALB protocol is HTTPS" classname="/servicios/alb/main.tf.aws_lb_listener.https" file="/servicios/alb/main.tf"/>
		<testcase name="[NONE][CKV_AWS_309] Ensure API GatewayV2 routes specify an authorization type" classname="/servicios/api_gateway/main.tf.aws_apigatewayv2_route.default" file="/servicios/api_gateway/main.tf"/>
		<testcase name="[NONE][CKV_AWS_76] Ensure API Gateway has Access Logging enabled" classname="/servicios/api_gateway/main.tf.aws_apigatewayv2_stage.main" file="/servicios/api_gateway/main.tf"/>
		<testcase name="[NONE][CKV_AWS_338] Ensure CloudWatch log groups retains logs for at least 1 year" classname="/servicios/api_gateway/main.tf.aws_cloudwatch_log_group.api_gw" file="/servicios/api_gateway/main.tf"/>
		<testcase name="[NONE][CKV_AWS_66] Ensure that CloudWatch Log Group specifies retention days" classname="/servicios/api_gateway/main.tf.aws_cloudwatch_log_group.api_gw" file="/servicios/api_gateway/main.tf"/>
		<testcase name="[NONE][CKV_AWS_96] Ensure all data stored in Aurora is securely encrypted at rest" classname="/servicios/aurora/main.tf.aws_rds_cluster.main" file="/servicios/aurora/main.tf"/>
		<testcase name="[NONE][CKV_AWS_313] Ensure RDS cluster configured to copy tags to snapshots" classname="/servicios/aurora/main.tf.aws_rds_cluster.main" file="/servicios/aurora/main.tf"/>
		<testcase name="[NONE][CKV_AWS_324] Ensure that RDS Cluster log capture is enabled" classname="/servicios/aurora/main.tf.aws_rds_cluster.main" file="/servicios/aurora/main.tf"/>
		<testcase name="[NONE][CKV_AWS_162] Ensure RDS cluster has IAM authentication enabled" classname="/servicios/aurora/main.tf.aws_rds_cluster.main" file="/servicios/aurora/main.tf"/>
		<testcase name="[NONE][CKV_AWS_133] Ensure that RDS instances has backup policy" classname="/servicios/aurora/main.tf.aws_rds_cluster.main" file="/servicios/aurora/main.tf"/>
		<testcase name="[NONE][CKV_AWS_325] Ensure that RDS Cluster audit logging is enabled for MySQL engine" classname="/servicios/aurora/main.tf.aws_rds_cluster.main" file="/servicios/aurora/main.tf"/>
		<testcase name="[NONE][CKV_AWS_326] Ensure that RDS Aurora Clusters have backtracking enabled" classname="/servicios/aurora/main.tf.aws_rds_cluster.main" file="/servicios/aurora/main.tf"/>
		<testcase name="[NONE][CKV_AWS_17] Ensure all data stored in RDS is not publicly accessible" classname="/servicios/aurora/main.tf.aws_rds_cluster_instance.writer" file="/servicios/aurora/main.tf"/>
		<testcase name="[NONE][CKV_AWS_354] Ensure RDS Performance Insights are encrypted using KMS CMKs" classname="/servicios/aurora/main.tf.aws_rds_cluster_instance.writer" file="/servicios/aurora/main.tf"/>
		<testcase name="[NONE][CKV_AWS_17] Ensure all data stored in RDS is not publicly accessible" classname="/servicios/aurora/main.tf.aws_rds_cluster_instance.reader" file="/servicios/aurora/main.tf"/>
		<testcase name="[NONE][CKV_AWS_354] Ensure RDS Performance Insights are encrypted using KMS CMKs" classname="/servicios/aurora/main.tf.aws_rds_cluster_instance.reader" file="/servicios/aurora/main.tf"/>
		<testcase name="[NONE][CKV_AWS_68] CloudFront Distribution should have WAF enabled" classname="/servicios/cloudfront/main.tf.aws_cloudfront_distribution.main" file="/servicios/cloudfront/main.tf"/>
		<testcase name="[NONE][CKV_AWS_34] Ensure CloudFront distribution ViewerProtocolPolicy is set to HTTPS" classname="/servicios/cloudfront/main.tf.aws_cloudfront_distribution.main" file="/servicios/cloudfront/main.tf"/>
		<testcase name="[NONE][CKV_AWS_174] Verify CloudFront Distribution Viewer Certificate is using TLS v1.2 or higher" classname="/servicios/cloudfront/main.tf.aws_cloudfront_distribution.main" file="/servicios/cloudfront/main.tf"/>
		<testcase name="[NONE][CKV_AWS_305] Ensure CloudFront distribution has a default root object configured" classname="/servicios/cloudfront/main.tf.aws_cloudfront_distribution.main" file="/servicios/cloudfront/main.tf"/>
		<testcase name="[NONE][CKV_AWS_216] Ensure CloudFront distribution is enabled" classname="/servicios/cloudfront/main.tf.aws_cloudfront_distribution.main" file="/servicios/cloudfront/main.tf"/>
		<testcase name="[NONE][CKV_AWS_168] Ensure SQS queue policy is not public by only allowing specific services or principals to access it" classname="/servicios/dlq/main.tf.aws_sqs_queue.dlq" file="/servicios/dlq/main.tf"/>
		<testcase name="[NONE][CKV_AWS_319] Ensure that CloudWatch alarm actions are enabled" classname="/servicios/dlq/main.tf.aws_cloudwatch_metric_alarm.dlq_not_empty" file="/servicios/dlq/main.tf"/>
		<testcase name="[NONE][CKV_AWS_386] Reduce potential for WhoAMI cloud image name confusion attack" classname="/servicios/ec2/main.tf.aws_ami.ubuntu" file="/servicios/ec2/main.tf"/>
		<testcase name="[NONE][CKV_AWS_29] Ensure all data stored in the ElastiCache Replication Group is securely encrypted at rest" classname="/servicios/elasticache/main.tf.aws_elasticache_replication_group.main" file="/servicios/elasticache/main.tf"/>
		<testcase name="[NONE][CKV_AWS_30] Ensure all data stored in the ElastiCache Replication Group is securely encrypted at transit" classname="/servicios/elasticache/main.tf.aws_elasticache_replication_group.main" file="/servicios/elasticache/main.tf"/>
		<testcase name="[NONE][CKV_AWS_393] Ensure AWS GitHub Actions OIDC authorization policies only allow safe claims and claim order on IAM role" classname="/servicios/iam/main.tf.aws_iam_role.ec2" file="/servicios/iam/main.tf"/>
		<testcase name="[NONE][CKV_AWS_61] Ensure AWS IAM policy does not allow assume role permission across all services" classname="/servicios/iam/main.tf.aws_iam_role.ec2" file="/servicios/iam/main.tf"/>
		<testcase name="[NONE][CKV_AWS_274] Disallow IAM roles, users, and groups from using the AWS AdministratorAccess policy" classname="/servicios/iam/main.tf.aws_iam_role.ec2" file="/servicios/iam/main.tf"/>
		<testcase name="[NONE][CKV_AWS_60] Ensure IAM role allows only specific services or principals to assume it" classname="/servicios/iam/main.tf.aws_iam_role.ec2" file="/servicios/iam/main.tf"/>
		<testcase name="[NONE][CKV_AWS_286] Ensure IAM policies does not allow privilege escalation" classname="/servicios/iam/main.tf.aws_iam_role_policy.ec2_app" file="/servicios/iam/main.tf"/>
		<testcase name="[NONE][CKV_AWS_62] Ensure IAM policies that allow full &quot;*-*&quot; administrative privileges are not created" classname="/servicios/iam/main.tf.aws_iam_role_policy.ec2_app" file="/servicios/iam/main.tf"/>
		<testcase name="[NONE][CKV_AWS_288] Ensure IAM policies does not allow data exfiltration" classname="/servicios/iam/main.tf.aws_iam_role_policy.ec2_app" file="/servicios/iam/main.tf"/>
		<testcase name="[NONE][CKV_AWS_63] Ensure no IAM policies documents allow &quot;*&quot; as a statement's actions" classname="/servicios/iam/main.tf.aws_iam_role_policy.ec2_app" file="/servicios/iam/main.tf"/>
		<testcase name="[NONE][CKV_AWS_289] Ensure IAM policies does not allow permissions management / resource exposure without constraints" classname="/servicios/iam/main.tf.aws_iam_role_policy.ec2_app" file="/servicios/iam/main.tf"/>
		<testcase name="[NONE][CKV_AWS_287] Ensure IAM policies does not allow credentials exposure" classname="/servicios/iam/main.tf.aws_iam_role_policy.ec2_app" file="/servicios/iam/main.tf"/>
		<testcase name="[NONE][CKV_AWS_393] Ensure AWS GitHub Actions OIDC authorization policies only allow safe claims and claim order on IAM role" classname="/servicios/iam/main.tf.aws_iam_role.lambda" file="/servicios/iam/main.tf"/>
		<testcase name="[NONE][CKV_AWS_61] Ensure AWS IAM policy does not allow assume role permission across all services" classname="/servicios/iam/main.tf.aws_iam_role.lambda" file="/servicios/iam/main.tf"/>
		<testcase name="[NONE][CKV_AWS_274] Disallow IAM roles, users, and groups from using the AWS AdministratorAccess policy" classname="/servicios/iam/main.tf.aws_iam_role.lambda" file="/servicios/iam/main.tf"/>
		<testcase name="[NONE][CKV_AWS_60] Ensure IAM role allows only specific services or principals to assume it" classname="/servicios/iam/main.tf.aws_iam_role.lambda" file="/servicios/iam/main.tf"/>
		<testcase name="[NONE][CKV_AWS_286] Ensure IAM policies does not allow privilege escalation" classname="/servicios/iam/main.tf.aws_iam_role_policy.lambda_app" file="/servicios/iam/main.tf"/>
		<testcase name="[NONE][CKV_AWS_62] Ensure IAM policies that allow full &quot;*-*&quot; administrative privileges are not created" classname="/servicios/iam/main.tf.aws_iam_role_policy.lambda_app" file="/servicios/iam/main.tf"/>
		<testcase name="[NONE][CKV_AWS_288] Ensure IAM policies does not allow data exfiltration" classname="/servicios/iam/main.tf.aws_iam_role_policy.lambda_app" file="/servicios/iam/main.tf"/>
		<testcase name="[NONE][CKV_AWS_63] Ensure no IAM policies documents allow &quot;*&quot; as a statement's actions" classname="/servicios/iam/main.tf.aws_iam_role_policy.lambda_app" file="/servicios/iam/main.tf"/>
		<testcase name="[NONE][CKV_AWS_289] Ensure IAM policies does not allow permissions management / resource exposure without constraints" classname="/servicios/iam/main.tf.aws_iam_role_policy.lambda_app" file="/servicios/iam/main.tf"/>
		<testcase name="[NONE][CKV_AWS_287] Ensure IAM policies does not allow credentials exposure" classname="/servicios/iam/main.tf.aws_iam_role_policy.lambda_app" file="/servicios/iam/main.tf"/>
		<testcase name="[NONE][CKV_AWS_45] Ensure no hard-coded secrets exist in lambda environment" classname="/servicios/lambda/main.tf.aws_lambda_function.procesar_pedido" file="/servicios/lambda/main.tf"/>
		<testcase name="[NONE][CKV_AWS_363] Ensure Lambda Runtime is not deprecated" classname="/servicios/lambda/main.tf.aws_lambda_function.procesar_pedido" file="/servicios/lambda/main.tf"/>
		<testcase name="[NONE][CKV_AWS_50] X-Ray tracing is enabled for Lambda" classname="/servicios/lambda/main.tf.aws_lambda_function.procesar_pedido" file="/servicios/lambda/main.tf"/>
		<testcase name="[NONE][CKV_AWS_45] Ensure no hard-coded secrets exist in lambda environment" classname="/servicios/lambda/main.tf.aws_lambda_function.enviar_sms_cocina" file="/servicios/lambda/main.tf"/>
		<testcase name="[NONE][CKV_AWS_363] Ensure Lambda Runtime is not deprecated" classname="/servicios/lambda/main.tf.aws_lambda_function.enviar_sms_cocina" file="/servicios/lambda/main.tf"/>
		<testcase name="[NONE][CKV_AWS_50] X-Ray tracing is enabled for Lambda" classname="/servicios/lambda/main.tf.aws_lambda_function.enviar_sms_cocina" file="/servicios/lambda/main.tf"/>
		<testcase name="[NONE][CKV_AWS_45] Ensure no hard-coded secrets exist in lambda environment" classname="/servicios/lambda/main.tf.aws_lambda_function.actualizar_inventario" file="/servicios/lambda/main.tf"/>
		<testcase name="[NONE][CKV_AWS_363] Ensure Lambda Runtime is not deprecated" classname="/servicios/lambda/main.tf.aws_lambda_function.actualizar_inventario" file="/servicios/lambda/main.tf"/>
		<testcase name="[NONE][CKV_AWS_50] X-Ray tracing is enabled for Lambda" classname="/servicios/lambda/main.tf.aws_lambda_function.actualizar_inventario" file="/servicios/lambda/main.tf"/>
		<testcase name="[NONE][CKV_AWS_338] Ensure CloudWatch log groups retains logs for at least 1 year" classname="/servicios/lambda/main.tf.aws_cloudwatch_log_group.procesar_pedido" file="/servicios/lambda/main.tf"/>
		<testcase name="[NONE][CKV_AWS_66] Ensure that CloudWatch Log Group specifies retention days" classname="/servicios/lambda/main.tf.aws_cloudwatch_log_group.procesar_pedido" file="/servicios/lambda/main.tf"/>
		<testcase name="[NONE][CKV_AWS_338] Ensure CloudWatch log groups retains logs for at least 1 year" classname="/servicios/lambda/main.tf.aws_cloudwatch_log_group.enviar_sms_cocina" file="/servicios/lambda/main.tf"/>
		<testcase name="[NONE][CKV_AWS_66] Ensure that CloudWatch Log Group specifies retention days" classname="/servicios/lambda/main.tf.aws_cloudwatch_log_group.enviar_sms_cocina" file="/servicios/lambda/main.tf"/>
		<testcase name="[NONE][CKV_AWS_338] Ensure CloudWatch log groups retains logs for at least 1 year" classname="/servicios/lambda/main.tf.aws_cloudwatch_log_group.actualizar_inventario" file="/servicios/lambda/main.tf"/>
		<testcase name="[NONE][CKV_AWS_66] Ensure that CloudWatch Log Group specifies retention days" classname="/servicios/lambda/main.tf.aws_cloudwatch_log_group.actualizar_inventario" file="/servicios/lambda/main.tf"/>
		<testcase name="[NONE][CKV_AWS_93] Ensure S3 bucket policy does not lockout all but root user. (Prevent lockouts needing root account fixes)" classname="/servicios/s3/main.tf.aws_s3_bucket.frontend" file="/servicios/s3/main.tf"/>
		<testcase name="[NONE][CKV_AWS_54] Ensure S3 bucket has block public policy enabled" classname="/servicios/s3/main.tf.aws_s3_bucket_public_access_block.frontend" file="/servicios/s3/main.tf"/>
		<testcase name="[NONE][CKV_AWS_53] Ensure S3 bucket has block public ACLS enabled" classname="/servicios/s3/main.tf.aws_s3_bucket_public_access_block.frontend" file="/servicios/s3/main.tf"/>
		<testcase name="[NONE][CKV_AWS_56] Ensure S3 bucket has 'restrict_public_buckets' enabled" classname="/servicios/s3/main.tf.aws_s3_bucket_public_access_block.frontend" file="/servicios/s3/main.tf"/>
		<testcase name="[NONE][CKV_AWS_55] Ensure S3 bucket has ignore public ACLs enabled" classname="/servicios/s3/main.tf.aws_s3_bucket_public_access_block.frontend" file="/servicios/s3/main.tf"/>
		<testcase name="[NONE][CKV_AWS_93] Ensure S3 bucket policy does not lockout all but root user. (Prevent lockouts needing root account fixes)" classname="/servicios/s3/main.tf.aws_s3_bucket_policy.frontend" file="/servicios/s3/main.tf"/>
		<testcase name="[NONE][CKV_AWS_70] Ensure S3 bucket does not allow an action with any Principal" classname="/servicios/s3/main.tf.aws_s3_bucket_policy.frontend" file="/servicios/s3/main.tf"/>
		<testcase name="[NONE][CKV_AWS_93] Ensure S3 bucket policy does not lockout all but root user. (Prevent lockouts needing root account fixes)" classname="/servicios/s3/main.tf.aws_s3_bucket.documentos" file="/servicios/s3/main.tf"/>
		<testcase name="[NONE][CKV_AWS_54] Ensure S3 bucket has block public policy enabled" classname="/servicios/s3/main.tf.aws_s3_bucket_public_access_block.documentos" file="/servicios/s3/main.tf"/>
		<testcase name="[NONE][CKV_AWS_53] Ensure S3 bucket has block public ACLS enabled" classname="/servicios/s3/main.tf.aws_s3_bucket_public_access_block.documentos" file="/servicios/s3/main.tf"/>
		<testcase name="[NONE][CKV_AWS_56] Ensure S3 bucket has 'restrict_public_buckets' enabled" classname="/servicios/s3/main.tf.aws_s3_bucket_public_access_block.documentos" file="/servicios/s3/main.tf"/>
		<testcase name="[NONE][CKV_AWS_55] Ensure S3 bucket has ignore public ACLs enabled" classname="/servicios/s3/main.tf.aws_s3_bucket_public_access_block.documentos" file="/servicios/s3/main.tf"/>
		<testcase name="[NONE][CKV_AWS_300] Ensure S3 lifecycle configuration sets period for aborting failed uploads" classname="/servicios/s3/main.tf.aws_s3_bucket_lifecycle_configuration.documentos" file="/servicios/s3/main.tf"/>
		<testcase name="[NONE][CKV_AWS_93] Ensure S3 bucket policy does not lockout all but root user. (Prevent lockouts needing root account fixes)" classname="/servicios/s3/main.tf.aws_s3_bucket.logs" file="/servicios/s3/main.tf"/>
		<testcase name="[NONE][CKV_AWS_54] Ensure S3 bucket has block public policy enabled" classname="/servicios/s3/main.tf.aws_s3_bucket_public_access_block.logs" file="/servicios/s3/main.tf"/>
		<testcase name="[NONE][CKV_AWS_53] Ensure S3 bucket has block public ACLS enabled" classname="/servicios/s3/main.tf.aws_s3_bucket_public_access_block.logs" file="/servicios/s3/main.tf"/>
		<testcase name="[NONE][CKV_AWS_56] Ensure S3 bucket has 'restrict_public_buckets' enabled" classname="/servicios/s3/main.tf.aws_s3_bucket_public_access_block.logs" file="/servicios/s3/main.tf"/>
		<testcase name="[NONE][CKV_AWS_55] Ensure S3 bucket has ignore public ACLs enabled" classname="/servicios/s3/main.tf.aws_s3_bucket_public_access_block.logs" file="/servicios/s3/main.tf"/>
		<testcase name="[NONE][CKV_AWS_300] Ensure S3 lifecycle configuration sets period for aborting failed uploads" classname="/servicios/s3/main.tf.aws_s3_bucket_lifecycle_configuration.logs" file="/servicios/s3/main.tf"/>
		<testcase name="[NONE][CKV_AWS_26] Ensure all data stored in the SNS topic is encrypted" classname="/servicios/sns/main.tf.aws_sns_topic.main" file="/servicios/sns/main.tf"/>
		<testcase name="[NONE][CKV_AWS_364] Ensure that AWS Lambda function permissions delegated to AWS services are limited by SourceArn or SourceAccount" classname="/servicios/sns/main.tf.aws_lambda_permission.sns_procesar_pedido" file="/servicios/sns/main.tf"/>
		<testcase name="[NONE][CKV_AWS_301] Ensure that AWS Lambda function is not publicly accessible" classname="/servicios/sns/main.tf.aws_lambda_permission.sns_procesar_pedido" file="/servicios/sns/main.tf"/>
		<testcase name="[NONE][CKV_AWS_364] Ensure that AWS Lambda function permissions delegated to AWS services are limited by SourceArn or SourceAccount" classname="/servicios/sns/main.tf.aws_lambda_permission.sns_procesar_inventario" file="/servicios/sns/main.tf"/>
		<testcase name="[NONE][CKV_AWS_301] Ensure that AWS Lambda function is not publicly accessible" classname="/servicios/sns/main.tf.aws_lambda_permission.sns_procesar_inventario" file="/servicios/sns/main.tf"/>
		<testcase name="[NONE][CKV_AWS_168] Ensure SQS queue policy is not public by only allowing specific services or principals to access it" classname="/servicios/sqs/main.tf.aws_sqs_queue.pedidos" file="/servicios/sqs/main.tf"/>
		<testcase name="[NONE][CKV_AWS_387] Ensure SQS policy does not allow public access through wildcards" classname="/servicios/sqs/main.tf.aws_sqs_queue_policy.pedidos" file="/servicios/sqs/main.tf"/>
		<testcase name="[NONE][CKV_AWS_168] Ensure SQS queue policy is not public by only allowing specific services or principals to access it" classname="/servicios/sqs/main.tf.aws_sqs_queue_policy.pedidos" file="/servicios/sqs/main.tf"/>
		<testcase name="[NONE][CKV_AWS_72] Ensure SQS policy does not allow ALL (*) actions." classname="/servicios/sqs/main.tf.aws_sqs_queue_policy.pedidos" file="/servicios/sqs/main.tf"/>
		<testcase name="[NONE][CKV_AWS_277] Ensure no security groups allow ingress from 0.0.0.0:0 to port -1" classname="/servicios/vpc/main.tf.aws_security_group.alb" file="/servicios/vpc/main.tf"/>
		<testcase name="[NONE][CKV_AWS_24] Ensure no security groups allow ingress from 0.0.0.0:0 to port 22" classname="/servicios/vpc/main.tf.aws_security_group.alb" file="/servicios/vpc/main.tf"/>
		<testcase name="[NONE][CKV_AWS_25] Ensure no security groups allow ingress from 0.0.0.0:0 to port 3389" classname="/servicios/vpc/main.tf.aws_security_group.alb" file="/servicios/vpc/main.tf"/>
		<testcase name="[NONE][CKV_AWS_277] Ensure no security groups allow ingress from 0.0.0.0:0 to port -1" classname="/servicios/vpc/main.tf.aws_security_group.ec2" file="/servicios/vpc/main.tf"/>
		<testcase name="[NONE][CKV_AWS_260] Ensure no security groups allow ingress from 0.0.0.0:0 to port 80" classname="/servicios/vpc/main.tf.aws_security_group.ec2" file="/servicios/vpc/main.tf"/>
		<testcase name="[NONE][CKV_AWS_24] Ensure no security groups allow ingress from 0.0.0.0:0 to port 22" classname="/servicios/vpc/main.tf.aws_security_group.ec2" file="/servicios/vpc/main.tf"/>
		<testcase name="[NONE][CKV_AWS_25] Ensure no security groups allow ingress from 0.0.0.0:0 to port 3389" classname="/servicios/vpc/main.tf.aws_security_group.ec2" file="/servicios/vpc/main.tf"/>
		<testcase name="[NONE][CKV_AWS_277] Ensure no security groups allow ingress from 0.0.0.0:0 to port -1" classname="/servicios/vpc/main.tf.aws_security_group.aurora" file="/servicios/vpc/main.tf"/>
		<testcase name="[NONE][CKV_AWS_260] Ensure no security groups allow ingress from 0.0.0.0:0 to port 80" classname="/servicios/vpc/main.tf.aws_security_group.aurora" file="/servicios/vpc/main.tf"/>
		<testcase name="[NONE][CKV_AWS_24] Ensure no security groups allow ingress from 0.0.0.0:0 to port 22" classname="/servicios/vpc/main.tf.aws_security_group.aurora" file="/servicios/vpc/main.tf"/>
		<testcase name="[NONE][CKV_AWS_25] Ensure no security groups allow ingress from 0.0.0.0:0 to port 3389" classname="/servicios/vpc/main.tf.aws_security_group.aurora" file="/servicios/vpc/main.tf"/>
		<testcase name="[NONE][CKV_AWS_277] Ensure no security groups allow ingress from 0.0.0.0:0 to port -1" classname="/servicios/vpc/main.tf.aws_security_group.elasticache" file="/servicios/vpc/main.tf"/>
		<testcase name="[NONE][CKV_AWS_260] Ensure no security groups allow ingress from 0.0.0.0:0 to port 80" classname="/servicios/vpc/main.tf.aws_security_group.elasticache" file="/servicios/vpc/main.tf"/>
		<testcase name="[NONE][CKV_AWS_24] Ensure no security groups allow ingress from 0.0.0.0:0 to port 22" classname="/servicios/vpc/main.tf.aws_security_group.elasticache" file="/servicios/vpc/main.tf"/>
		<testcase name="[NONE][CKV_AWS_25] Ensure no security groups allow ingress from 0.0.0.0:0 to port 3389" classname="/servicios/vpc/main.tf.aws_security_group.elasticache" file="/servicios/vpc/main.tf"/>
		<testcase name="[NONE][CKV_AWS_342] Ensure WAF rule has any actions" classname="/servicios/waf/main.tf.aws_wafv2_web_acl.main" file="/servicios/waf/main.tf"/>
		<testcase name="[NONE][CKV_AWS_175] Ensure WAF has associated rules" classname="/servicios/waf/main.tf.aws_wafv2_web_acl.main" file="/servicios/waf/main.tf"/>
		<testcase name="[NONE][CKV_AWS_18] Ensure the S3 bucket has access logging enabled" classname="/servicios/s3/main.tf.aws_s3_bucket.frontend" file="/servicios/s3/main.tf"/>
		<testcase name="[NONE][CKV_AWS_18] Ensure the S3 bucket has access logging enabled" classname="/servicios/s3/main.tf.aws_s3_bucket.logs" file="/servicios/s3/main.tf"/>
		<testcase name="[NONE][CKV_AWS_18] Ensure the S3 bucket has access logging enabled" classname="/servicios/s3/main.tf.aws_s3_bucket.documentos" file="/servicios/s3/main.tf"/>
		<testcase name="[NONE][CKV2_AWS_61] Ensure that an S3 bucket has a lifecycle configuration" classname="/servicios/s3/main.tf.aws_s3_bucket.documentos" file="/servicios/s3/main.tf"/>
		<testcase name="[NONE][CKV2_AWS_61] Ensure that an S3 bucket has a lifecycle configuration" classname="/servicios/s3/main.tf.aws_s3_bucket.logs" file="/servicios/s3/main.tf"/>
		<testcase name="[NONE][CKV2_AWS_46] Ensure AWS CloudFront Distribution with S3 have Origin Access set to enabled" classname="/servicios/cloudfront/main.tf.aws_cloudfront_distribution.main" file="/servicios/cloudfront/main.tf"/>
		<testcase name="[NONE][CKV2_AWS_6] Ensure that S3 bucket has a Public Access block" classname="/servicios/s3/main.tf.aws_s3_bucket.frontend" file="/servicios/s3/main.tf"/>
		<testcase name="[NONE][CKV2_AWS_6] Ensure that S3 bucket has a Public Access block" classname="/servicios/s3/main.tf.aws_s3_bucket.documentos" file="/servicios/s3/main.tf"/>
		<testcase name="[NONE][CKV2_AWS_6] Ensure that S3 bucket has a Public Access block" classname="/servicios/s3/main.tf.aws_s3_bucket.logs" file="/servicios/s3/main.tf"/>
		<testcase name="[NONE][CKV2_AWS_77] Ensure AWS API Gateway Rest API attached WAFv2 WebACL is configured with AMR for Log4j Vulnerability" classname="/servicios/api_gateway/main.tf.aws_apigatewayv2_api.main" file="/servicios/api_gateway/main.tf"/>
		<testcase name="[NONE][CKV2_AWS_44] Ensure AWS route table with VPC peering does not contain routes overly permissive to all traffic" classname="/servicios/vpc/main.tf.aws_route_table.public" file="/servicios/vpc/main.tf"/>
		<testcase name="[NONE][CKV2_AWS_42] Ensure AWS CloudFront distribution uses custom SSL certificate" classname="/servicios/cloudfront/main.tf.aws_cloudfront_distribution.main" file="/servicios/cloudfront/main.tf"/>
		<testcase name="[NONE][CKV2_AWS_40] Ensure AWS IAM policy does not allow full IAM privileges" classname="/servicios/iam/main.tf.aws_iam_role_policy.ec2_app" file="/servicios/iam/main.tf"/>
		<testcase name="[NONE][CKV2_AWS_40] Ensure AWS IAM policy does not allow full IAM privileges" classname="/servicios/iam/main.tf.aws_iam_role_policy.lambda_app" file="/servicios/iam/main.tf"/>
		<testcase name="[NONE][CKV2_AWS_54] Ensure AWS CloudFront distribution is using secure SSL protocols for HTTPS communication" classname="/servicios/cloudfront/main.tf.aws_cloudfront_distribution.main" file="/servicios/cloudfront/main.tf"/>
		<testcase name="[NONE][CKV2_AWS_41] Ensure an IAM role is attached to EC2 instance" classname="/servicios/ec2/main.tf.aws_instance.crud" file="/servicios/ec2/main.tf"/>
		<testcase name="[NONE][CKV2_AWS_75] Ensure no open CORS policy" classname="/servicios/lambda/main.tf.aws_lambda_function.procesar_pedido" file="/servicios/lambda/main.tf"/>
		<testcase name="[NONE][CKV2_AWS_75] Ensure no open CORS policy" classname="/servicios/lambda/main.tf.aws_lambda_function.enviar_sms_cocina" file="/servicios/lambda/main.tf"/>
		<testcase name="[NONE][CKV2_AWS_75] Ensure no open CORS policy" classname="/servicios/lambda/main.tf.aws_lambda_function.actualizar_inventario" file="/servicios/lambda/main.tf"/>
		<testcase name="[NONE][CKV_AWS_57] S3 Bucket has an ACL defined which allows public WRITE access." classname="/servicios/s3/main.tf.aws_s3_bucket.frontend" file="/servicios/s3/main.tf"/>
		<testcase name="[NONE][CKV_AWS_57] S3 Bucket has an ACL defined which allows public WRITE access." classname="/servicios/s3/main.tf.aws_s3_bucket.documentos" file="/servicios/s3/main.tf"/>
		<testcase name="[NONE][CKV_AWS_57] S3 Bucket has an ACL defined which allows public WRITE access." classname="/servicios/s3/main.tf.aws_s3_bucket.logs" file="/servicios/s3/main.tf"/>
		<testcase name="[NONE][CKV2_AWS_35] AWS NAT Gateways should be utilized for the default route" classname="/servicios/vpc/main.tf.aws_route_table.public" file="/servicios/vpc/main.tf"/>
		<testcase name="[NONE][CKV2_AWS_73] Ensure AWS SQS uses CMK not AWS default keys for encryption" classname="/servicios/dlq/main.tf.aws_sqs_queue.dlq" file="/servicios/dlq/main.tf"/>
		<testcase name="[NONE][CKV2_AWS_73] Ensure AWS SQS uses CMK not AWS default keys for encryption" classname="/servicios/sqs/main.tf.aws_sqs_queue.pedidos" file="/servicios/sqs/main.tf"/>
		<testcase name="[NONE][CKV_AWS_103] Ensure that load balancer is using at least TLS 1.2" classname="/servicios/alb/main.tf.aws_lb_listener.https" file="/servicios/alb/main.tf"/>
		<testcase name="[NONE][CKV_AWS_103] Ensure that load balancer is using at least TLS 1.2" classname="/servicios/alb/main.tf.aws_lb_listener.http" file="/servicios/alb/main.tf"/>
		<testcase name="[NONE][CKV2_AWS_51] Ensure AWS API Gateway endpoints uses client certificate authentication" classname="/servicios/api_gateway/main.tf.aws_apigatewayv2_stage.main" file="/servicios/api_gateway/main.tf"/>
		<testcase name="[NONE][CKV_AWS_378] Ensure AWS Load Balancer doesn't use HTTP protocol" classname="/servicios/alb/main.tf.aws_lb_target_group.crud" file="/servicios/alb/main.tf"/>
		<testcase name="[NONE][CKV2_AWS_72] Ensure AWS CloudFront origin protocol policy enforces HTTPS-only" classname="/servicios/cloudfront/main.tf.aws_cloudfront_distribution.main" file="/servicios/cloudfront/main.tf"/>
		<testcase name="[NONE][CKV2_AWS_74] Ensure AWS Load Balancers use strong ciphers" classname="/servicios/alb/main.tf.aws_lb_listener.http" file="/servicios/alb/main.tf"/>
		<testcase name="[NONE][CKV2_AWS_74] Ensure AWS Load Balancers use strong ciphers" classname="/servicios/alb/main.tf.aws_lb_listener.https" file="/servicios/alb/main.tf"/>
		<testcase name="[NONE][CKV2_AWS_76] Ensure AWS ALB attached WAFv2 WebACL is configured with AMR for Log4j Vulnerability" classname="/servicios/alb/main.tf.aws_lb.main" file="/servicios/alb/main.tf"/>
		<testcase name="[NONE][CKV2_AWS_20] Ensure that ALB redirects HTTP requests into HTTPS ones" classname="/servicios/alb/main.tf.aws_lb.main" file="/servicios/alb/main.tf"/>
		<testcase name="[NONE][CKV_AWS_19] Ensure all data stored in the S3 bucket is securely encrypted at rest" classname="/servicios/s3/main.tf.aws_s3_bucket.frontend" file="/servicios/s3/main.tf"/>
		<testcase name="[NONE][CKV_AWS_19] Ensure all data stored in the S3 bucket is securely encrypted at rest" classname="/servicios/s3/main.tf.aws_s3_bucket.documentos" file="/servicios/s3/main.tf"/>
		<testcase name="[NONE][CKV_AWS_19] Ensure all data stored in the S3 bucket is securely encrypted at rest" classname="/servicios/s3/main.tf.aws_s3_bucket.logs" file="/servicios/s3/main.tf"/>
		<testcase name="[NONE][CKV_AWS_20] S3 Bucket has an ACL defined which allows public READ access." classname="/servicios/s3/main.tf.aws_s3_bucket.frontend" file="/servicios/s3/main.tf"/>
		<testcase name="[NONE][CKV_AWS_20] S3 Bucket has an ACL defined which allows public READ access." classname="/servicios/s3/main.tf.aws_s3_bucket.documentos" file="/servicios/s3/main.tf"/>
		<testcase name="[NONE][CKV_AWS_20] S3 Bucket has an ACL defined which allows public READ access." classname="/servicios/s3/main.tf.aws_s3_bucket.logs" file="/servicios/s3/main.tf"/>
		<testcase name="[NONE][CKV_AWS_21] Ensure all data stored in the S3 bucket have versioning enabled" classname="/servicios/s3/main.tf.aws_s3_bucket.frontend" file="/servicios/s3/main.tf"/>
		<testcase name="[NONE][CKV_AWS_21] Ensure all data stored in the S3 bucket have versioning enabled" classname="/servicios/s3/main.tf.aws_s3_bucket.documentos" file="/servicios/s3/main.tf"/>
		<testcase name="[NONE][CKV_AWS_21] Ensure all data stored in the S3 bucket have versioning enabled" classname="/servicios/s3/main.tf.aws_s3_bucket.logs" file="/servicios/s3/main.tf"/>
		<testcase name="[NONE][CKV_AWS_150] Ensure that Load Balancer has deletion protection enabled" classname="/servicios/alb/main.tf.aws_lb.main" file="/servicios/alb/main.tf">
			<failure type="failure" message="Ensure that Load Balancer has deletion protection enabled">
Resource: aws_lb.main
File: /servicios/alb/main.tf: 2-23
Guideline: https://docs.prismacloud.io/en/enterprise-edition/policy-reference/aws-policies/aws-general-policies/bc-aws-150

		2  | resource &quot;aws_lb&quot; &quot;main&quot; {
		3  |   name               = &quot;${var.project}-alb-${var.environment}&quot;
		4  |   internal           = false
		5  |   load_balancer_type = &quot;application&quot;
		6  |   security_groups    = [var.sg_alb_id]
		7  |   subnets            = var.public_subnet_ids
		8  | 
		9  |   enable_deletion_protection = var.environment == &quot;prod&quot; ? true : false
		10 |   drop_invalid_header_fields = true
		11 | 
		12 |   access_logs {
		13 |     bucket  = var.alb_logs_bucket
		14 |     prefix  = &quot;${var.project}/${var.environment}/alb&quot;
		15 |     enabled = true
		16 |   }
		17 | 
		18 |   tags = {
		19 |     Name        = &quot;${var.project}-alb-${var.environment}&quot;
		20 |     Project     = var.project
		21 |     Environment = var.environment
		22 |   }
		23 | }
</failure>
		</testcase>
		<testcase name="[NONE][CKV_AWS_158] Ensure that CloudWatch Log Group is encrypted by KMS" classname="/servicios/api_gateway/main.tf.aws_cloudwatch_log_group.api_gw" file="/servicios/api_gateway/main.tf">
			<failure type="failure" message="Ensure that CloudWatch Log Group is encrypted by KMS">
Resource: aws_cloudwatch_log_group.api_gw
File: /servicios/api_gateway/main.tf: 84-92
Guideline: https://docs.prismacloud.io/en/enterprise-edition/policy-reference/aws-policies/aws-general-policies/ensure-that-cloudwatch-log-group-is-encrypted-by-kms

		84 | resource &quot;aws_cloudwatch_log_group&quot; &quot;api_gw&quot; {
		85 |   name              = &quot;/aws/apigateway/${var.project}-${var.environment}&quot;
		86 |   retention_in_days = 365 # Minimo 1 año → Fix CKV_AWS_338
		87 | 
		88 |   tags = {
		89 |     Project     = var.project
		90 |     Environment = var.environment
		91 |   }
		92 | }
</failure>
		</testcase>
		<testcase name="[NONE][CKV_AWS_139] Ensure that RDS clusters have deletion protection enabled" classname="/servicios/aurora/main.tf.aws_rds_cluster.main" file="/servicios/aurora/main.tf">
			<failure type="failure" message="Ensure that RDS clusters have deletion protection enabled">
Resource: aws_rds_cluster.main
File: /servicios/aurora/main.tf: 20-57
Guideline: https://docs.prismacloud.io/en/enterprise-edition/policy-reference/aws-policies/aws-general-policies/ensure-that-rds-clusters-and-instances-have-deletion-protection-enabled

		20 | resource &quot;aws_rds_cluster&quot; &quot;main&quot; {
		21 |   cluster_identifier      = &quot;${var.project}-aurora-${var.environment}&quot;
		22 |   engine                  = &quot;aurora-mysql&quot;
		23 |   engine_version          = &quot;8.0.mysql_aurora.3.04.0&quot;
		24 |   database_name           = var.db_name
		25 |   master_username         = var.db_username
		26 |   master_password         = var.db_password
		27 |   db_subnet_group_name    = aws_db_subnet_group.main.name
		28 |   vpc_security_group_ids  = [var.sg_aurora_id]
		29 | 
		30 |   backup_retention_period = var.environment == &quot;prod&quot; ? 7 : 1
		31 |   preferred_backup_window = &quot;02:00-03:00&quot;
		32 | 
		33 |   # Proteccion contra borrado accidental en prod
		34 |   deletion_protection = var.environment == &quot;prod&quot; ? true : false
		35 |   skip_final_snapshot = var.environment == &quot;prod&quot; ? false : true
		36 |   final_snapshot_identifier = var.environment == &quot;prod&quot; ? &quot;${var.project}-aurora-final-snapshot&quot; : null
		37 | 
		38 |   storage_encrypted = true
		39 | 
		40 |   # Autenticacion IAM en vez de solo usuario/clave → Fix CKV_AWS_162
		41 |   iam_database_authentication_enabled = true
		42 | 
		43 |   # Copiar tags a los snapshots de backup → Fix CKV_AWS_313
		44 |   copy_tags_to_snapshot = true
		45 | 
		46 |   # Exportar logs a CloudWatch → Fix CKV_AWS_324 y CKV_AWS_325
		47 |   enabled_cloudwatch_logs_exports = [&quot;audit&quot;, &quot;error&quot;, &quot;general&quot;, &quot;slowquery&quot;]
		48 | 
		49 |   # Backtracking: permite &quot;rebobinar&quot; el cluster hasta 72h → Fix CKV_AWS_326
		50 |   backtrack_window = 259200  # 72 horas en segundos
		51 | 
		52 |   tags = {
		53 |     Name        = &quot;${var.project}-aurora-cluster-${var.environment}&quot;
		54 |     Project     = var.project
		55 |     Environment = var.environment
		56 |   }
		57 | }
</failure>
		</testcase>
		<testcase name="[NONE][CKV_AWS_327] Ensure RDS Clusters are encrypted using KMS CMKs" classname="/servicios/aurora/main.tf.aws_rds_cluster.main" file="/servicios/aurora/main.tf">
			<failure type="failure" message="Ensure RDS Clusters are encrypted using KMS CMKs">
Resource: aws_rds_cluster.main
File: /servicios/aurora/main.tf: 20-57
Guideline: https://docs.prismacloud.io/en/enterprise-edition/policy-reference/aws-policies/aws-general-policies/bc-aws-327

		20 | resource &quot;aws_rds_cluster&quot; &quot;main&quot; {
		21 |   cluster_identifier      = &quot;${var.project}-aurora-${var.environment}&quot;
		22 |   engine                  = &quot;aurora-mysql&quot;
		23 |   engine_version          = &quot;8.0.mysql_aurora.3.04.0&quot;
		24 |   database_name           = var.db_name
		25 |   master_username         = var.db_username
		26 |   master_password         = var.db_password
		27 |   db_subnet_group_name    = aws_db_subnet_group.main.name
		28 |   vpc_security_group_ids  = [var.sg_aurora_id]
		29 | 
		30 |   backup_retention_period = var.environment == &quot;prod&quot; ? 7 : 1
		31 |   preferred_backup_window = &quot;02:00-03:00&quot;
		32 | 
		33 |   # Proteccion contra borrado accidental en prod
		34 |   deletion_protection = var.environment == &quot;prod&quot; ? true : false
		35 |   skip_final_snapshot = var.environment == &quot;prod&quot; ? false : true
		36 |   final_snapshot_identifier = var.environment == &quot;prod&quot; ? &quot;${var.project}-aurora-final-snapshot&quot; : null
		37 | 
		38 |   storage_encrypted = true
		39 | 
		40 |   # Autenticacion IAM en vez de solo usuario/clave → Fix CKV_AWS_162
		41 |   iam_database_authentication_enabled = true
		42 | 
		43 |   # Copiar tags a los snapshots de backup → Fix CKV_AWS_313
		44 |   copy_tags_to_snapshot = true
		45 | 
		46 |   # Exportar logs a CloudWatch → Fix CKV_AWS_324 y CKV_AWS_325
		47 |   enabled_cloudwatch_logs_exports = [&quot;audit&quot;, &quot;error&quot;, &quot;general&quot;, &quot;slowquery&quot;]
		48 | 
		49 |   # Backtracking: permite &quot;rebobinar&quot; el cluster hasta 72h → Fix CKV_AWS_326
		50 |   backtrack_window = 259200  # 72 horas en segundos
		51 | 
		52 |   tags = {
		53 |     Name        = &quot;${var.project}-aurora-cluster-${var.environment}&quot;
		54 |     Project     = var.project
		55 |     Environment = var.environment
		56 |   }
		57 | }
</failure>
		</testcase>
		<testcase name="[NONE][CKV_AWS_226] Ensure DB instance gets all minor upgrades automatically" classname="/servicios/aurora/main.tf.aws_rds_cluster_instance.writer" file="/servicios/aurora/main.tf">
			<failure type="failure" message="Ensure DB instance gets all minor upgrades automatically">
Resource: aws_rds_cluster_instance.writer
File: /servicios/aurora/main.tf: 60-76
Guideline: https://docs.prismacloud.io/en/enterprise-edition/policy-reference/aws-policies/aws-general-policies/ensure-aws-db-instance-gets-all-minor-upgrades-automatically

		60 | resource &quot;aws_rds_cluster_instance&quot; &quot;writer&quot; {
		61 |   identifier         = &quot;${var.project}-aurora-writer-${var.environment}&quot;
		62 |   cluster_identifier = aws_rds_cluster.main.id
		63 |   instance_class     = var.instance_class
		64 |   engine             = aws_rds_cluster.main.engine
		65 |   engine_version     = aws_rds_cluster.main.engine_version
		66 | 
		67 |   availability_zone       = var.availability_zones[0]
		68 |   db_subnet_group_name    = aws_db_subnet_group.main.name
		69 |   publicly_accessible     = false
		70 | 
		71 |   tags = {
		72 |     Name        = &quot;${var.project}-aurora-writer-${var.environment}&quot;
		73 |     Project     = var.project
		74 |     Environment = var.environment
		75 |   }
		76 | }
</failure>
		</testcase>
		<testcase name="[NONE][CKV_AWS_353] Ensure that RDS instances have performance insights enabled" classname="/servicios/aurora/main.tf.aws_rds_cluster_instance.writer" file="/servicios/aurora/main.tf">
			<failure type="failure" message="Ensure that RDS instances have performance insights enabled">
Resource: aws_rds_cluster_instance.writer
File: /servicios/aurora/main.tf: 60-76
Guideline: https://docs.prismacloud.io/en/enterprise-edition/policy-reference/aws-policies/aws-logging-policies/bc-aws-353

		60 | resource &quot;aws_rds_cluster_instance&quot; &quot;writer&quot; {
		61 |   identifier         = &quot;${var.project}-aurora-writer-${var.environment}&quot;
		62 |   cluster_identifier = aws_rds_cluster.main.id
		63 |   instance_class     = var.instance_class
		64 |   engine             = aws_rds_cluster.main.engine
		65 |   engine_version     = aws_rds_cluster.main.engine_version
		66 | 
		67 |   availability_zone       = var.availability_zones[0]
		68 |   db_subnet_group_name    = aws_db_subnet_group.main.name
		69 |   publicly_accessible     = false
		70 | 
		71 |   tags = {
		72 |     Name        = &quot;${var.project}-aurora-writer-${var.environment}&quot;
		73 |     Project     = var.project
		74 |     Environment = var.environment
		75 |   }
		76 | }
</failure>
		</testcase>
		<testcase name="[NONE][CKV_AWS_118] Ensure that enhanced monitoring is enabled for Amazon RDS instances" classname="/servicios/aurora/main.tf.aws_rds_cluster_instance.writer" file="/servicios/aurora/main.tf">
			<failure type="failure" message="Ensure that enhanced monitoring is enabled for Amazon RDS instances">
Resource: aws_rds_cluster_instance.writer
File: /servicios/aurora/main.tf: 60-76
Guideline: https://docs.prismacloud.io/en/enterprise-edition/policy-reference/aws-policies/aws-logging-policies/ensure-that-enhanced-monitoring-is-enabled-for-amazon-rds-instances

		60 | resource &quot;aws_rds_cluster_instance&quot; &quot;writer&quot; {
		61 |   identifier         = &quot;${var.project}-aurora-writer-${var.environment}&quot;
		62 |   cluster_identifier = aws_rds_cluster.main.id
		63 |   instance_class     = var.instance_class
		64 |   engine             = aws_rds_cluster.main.engine
		65 |   engine_version     = aws_rds_cluster.main.engine_version
		66 | 
		67 |   availability_zone       = var.availability_zones[0]
		68 |   db_subnet_group_name    = aws_db_subnet_group.main.name
		69 |   publicly_accessible     = false
		70 | 
		71 |   tags = {
		72 |     Name        = &quot;${var.project}-aurora-writer-${var.environment}&quot;
		73 |     Project     = var.project
		74 |     Environment = var.environment
		75 |   }
		76 | }
</failure>
		</testcase>
		<testcase name="[NONE][CKV_AWS_226] Ensure DB instance gets all minor upgrades automatically" classname="/servicios/aurora/main.tf.aws_rds_cluster_instance.reader" file="/servicios/aurora/main.tf">
			<failure type="failure" message="Ensure DB instance gets all minor upgrades automatically">
Resource: aws_rds_cluster_instance.reader
File: /servicios/aurora/main.tf: 79-95
Guideline: https://docs.prismacloud.io/en/enterprise-edition/policy-reference/aws-policies/aws-general-policies/ensure-aws-db-instance-gets-all-minor-upgrades-automatically

		79 | resource &quot;aws_rds_cluster_instance&quot; &quot;reader&quot; {
		80 |   identifier         = &quot;${var.project}-aurora-reader-${var.environment}&quot;
		81 |   cluster_identifier = aws_rds_cluster.main.id
		82 |   instance_class     = var.instance_class
		83 |   engine             = aws_rds_cluster.main.engine
		84 |   engine_version     = aws_rds_cluster.main.engine_version
		85 | 
		86 |   availability_zone       = var.availability_zones[1]
		87 |   db_subnet_group_name    = aws_db_subnet_group.main.name
		88 |   publicly_accessible     = false
		89 | 
		90 |   tags = {
		91 |     Name        = &quot;${var.project}-aurora-reader-${var.environment}&quot;
		92 |     Project     = var.project
		93 |     Environment = var.environment
		94 |   }
		95 | }
</failure>
		</testcase>
		<testcase name="[NONE][CKV_AWS_353] Ensure that RDS instances have performance insights enabled" classname="/servicios/aurora/main.tf.aws_rds_cluster_instance.reader" file="/servicios/aurora/main.tf">
			<failure type="failure" message="Ensure that RDS instances have performance insights enabled">
Resource: aws_rds_cluster_instance.reader
File: /servicios/aurora/main.tf: 79-95
Guideline: https://docs.prismacloud.io/en/enterprise-edition/policy-reference/aws-policies/aws-logging-policies/bc-aws-353

		79 | resource &quot;aws_rds_cluster_instance&quot; &quot;reader&quot; {
		80 |   identifier         = &quot;${var.project}-aurora-reader-${var.environment}&quot;
		81 |   cluster_identifier = aws_rds_cluster.main.id
		82 |   instance_class     = var.instance_class
		83 |   engine             = aws_rds_cluster.main.engine
		84 |   engine_version     = aws_rds_cluster.main.engine_version
		85 | 
		86 |   availability_zone       = var.availability_zones[1]
		87 |   db_subnet_group_name    = aws_db_subnet_group.main.name
		88 |   publicly_accessible     = false
		89 | 
		90 |   tags = {
		91 |     Name        = &quot;${var.project}-aurora-reader-${var.environment}&quot;
		92 |     Project     = var.project
		93 |     Environment = var.environment
		94 |   }
		95 | }
</failure>
		</testcase>
		<testcase name="[NONE][CKV_AWS_118] Ensure that enhanced monitoring is enabled for Amazon RDS instances" classname="/servicios/aurora/main.tf.aws_rds_cluster_instance.reader" file="/servicios/aurora/main.tf">
			<failure type="failure" message="Ensure that enhanced monitoring is enabled for Amazon RDS instances">
Resource: aws_rds_cluster_instance.reader
File: /servicios/aurora/main.tf: 79-95
Guideline: https://docs.prismacloud.io/en/enterprise-edition/policy-reference/aws-policies/aws-logging-policies/ensure-that-enhanced-monitoring-is-enabled-for-amazon-rds-instances

		79 | resource &quot;aws_rds_cluster_instance&quot; &quot;reader&quot; {
		80 |   identifier         = &quot;${var.project}-aurora-reader-${var.environment}&quot;
		81 |   cluster_identifier = aws_rds_cluster.main.id
		82 |   instance_class     = var.instance_class
		83 |   engine             = aws_rds_cluster.main.engine
		84 |   engine_version     = aws_rds_cluster.main.engine_version
		85 | 
		86 |   availability_zone       = var.availability_zones[1]
		87 |   db_subnet_group_name    = aws_db_subnet_group.main.name
		88 |   publicly_accessible     = false
		89 | 
		90 |   tags = {
		91 |     Name        = &quot;${var.project}-aurora-reader-${var.environment}&quot;
		92 |     Project     = var.project
		93 |     Environment = var.environment
		94 |   }
		95 | }
</failure>
		</testcase>
		<testcase name="[NONE][CKV_AWS_86] Ensure CloudFront distribution has Access Logging enabled" classname="/servicios/cloudfront/main.tf.aws_cloudfront_distribution.main" file="/servicios/cloudfront/main.tf">
			<failure type="failure" message="Ensure CloudFront distribution has Access Logging enabled">
Resource: aws_cloudfront_distribution.main
File: /servicios/cloudfront/main.tf: 10-77
Guideline: https://docs.prismacloud.io/en/enterprise-edition/policy-reference/aws-policies/aws-logging-policies/logging-20

		Code lines for this resource are too many. Please use IDE of your choice to review the file.</failure>
		</testcase>
		<testcase name="[NONE][CKV_AWS_310] Ensure CloudFront distributions should have origin failover configured" classname="/servicios/cloudfront/main.tf.aws_cloudfront_distribution.main" file="/servicios/cloudfront/main.tf">
			<failure type="failure" message="Ensure CloudFront distributions should have origin failover configured">
Resource: aws_cloudfront_distribution.main
File: /servicios/cloudfront/main.tf: 10-77
Guideline: https://docs.prismacloud.io/en/enterprise-edition/policy-reference/aws-policies/aws-general-policies/bc-aws-310

		Code lines for this resource are too many. Please use IDE of your choice to review the file.</failure>
		</testcase>
		<testcase name="[NONE][CKV_AWS_374] Ensure AWS CloudFront web distribution has geo restriction enabled" classname="/servicios/cloudfront/main.tf.aws_cloudfront_distribution.main" file="/servicios/cloudfront/main.tf">
			<failure type="failure" message="Ensure AWS CloudFront web distribution has geo restriction enabled">
Resource: aws_cloudfront_distribution.main
File: /servicios/cloudfront/main.tf: 10-77
Guideline: https://docs.prismacloud.io/en/enterprise-edition/policy-reference/aws-policies/aws-networking-policies/bc-aws-374

		Code lines for this resource are too many. Please use IDE of your choice to review the file.</failure>
		</testcase>
		<testcase name="[NONE][CKV_AWS_27] Ensure all data stored in the SQS queue is encrypted" classname="/servicios/dlq/main.tf.aws_sqs_queue.dlq" file="/servicios/dlq/main.tf">
			<failure type="failure" message="Ensure all data stored in the SQS queue is encrypted">
Resource: aws_sqs_queue.dlq
File: /servicios/dlq/main.tf: 8-22
Guideline: https://docs.prismacloud.io/en/enterprise-edition/policy-reference/aws-policies/aws-general-policies/general-16-encrypt-sqs-queue

		8  | resource &quot;aws_sqs_queue&quot; &quot;dlq&quot; {
		9  |   name = &quot;${var.project}-dlq-${var.environment}&quot;
		10 | 
		11 |   # Retener mensajes fallidos 14 dias para revision/reintento manual
		12 |   message_retention_seconds = 1209600 # 14 dias
		13 | 
		14 |   # Visibility timeout mayor que el de la cola principal (evita reprocessing)
		15 |   visibility_timeout_seconds = 300
		16 | 
		17 |   tags = {
		18 |     Name        = &quot;${var.project}-dlq-${var.environment}&quot;
		19 |     Project     = var.project
		20 |     Environment = var.environment
		21 |   }
		22 | }
</failure>
		</testcase>
		<testcase name="[NONE][CKV_AWS_31] Ensure all data stored in the ElastiCache Replication Group is securely encrypted at transit and has auth token" classname="/servicios/elasticache/main.tf.aws_elasticache_replication_group.main" file="/servicios/elasticache/main.tf">
			<failure type="failure" message="Ensure all data stored in the ElastiCache Replication Group is securely encrypted at transit and has auth token">
Resource: aws_elasticache_replication_group.main
File: /servicios/elasticache/main.tf: 12-43
Guideline: https://docs.prismacloud.io/en/enterprise-edition/policy-reference/aws-policies/aws-general-policies/general-11

		12 | resource &quot;aws_elasticache_replication_group&quot; &quot;main&quot; {
		13 |   replication_group_id = &quot;${var.project}-redis-${var.environment}&quot;
		14 |   description          = &quot;Redis cache para ${var.project} - ${var.environment}&quot;
		15 | 
		16 |   node_type            = var.node_type
		17 |   port                 = 6379
		18 |   parameter_group_name = &quot;default.redis7&quot;
		19 |   engine_version       = &quot;7.0&quot;
		20 | 
		21 |   num_cache_clusters = var.num_cache_nodes
		22 |   subnet_group_name  = aws_elasticache_subnet_group.main.name
		23 |   security_group_ids = [var.sg_elasticache_id]
		24 | 
		25 |   # Habilitar encriptacion en transito y en reposo
		26 |   at_rest_encryption_enabled  = true
		27 |   transit_encryption_enabled  = true
		28 | 
		29 |   # Actualizaciones automaticas de version menor → Fix CKV_AWS_191
		30 |   auto_minor_version_upgrade = true
		31 | 
		32 |   # Habilitar backups automaticos (solo prod)
		33 |   snapshot_retention_limit = var.environment == &quot;prod&quot; ? 7 : 0
		34 |   snapshot_window          = &quot;03:00-04:00&quot;
		35 | 
		36 |   automatic_failover_enabled = var.num_cache_nodes &gt; 1 ? true : false
		37 | 
		38 |   tags = {
		39 |     Name        = &quot;${var.project}-redis-${var.environment}&quot;
		40 |     Project     = var.project
		41 |     Environment = var.environment
		42 |   }
		43 | }
</failure>
		</testcase>
		<testcase name="[NONE][CKV_AWS_191] Ensure ElastiCache replication group is encrypted by KMS using a customer managed Key (CMK)" classname="/servicios/elasticache/main.tf.aws_elasticache_replication_group.main" file="/servicios/elasticache/main.tf">
			<failure type="failure" message="Ensure ElastiCache replication group is encrypted by KMS using a customer managed Key (CMK)">
Resource: aws_elasticache_replication_group.main
File: /servicios/elasticache/main.tf: 12-43
Guideline: https://docs.prismacloud.io/en/enterprise-edition/policy-reference/aws-policies/aws-general-policies/bc-aws-general-111

		12 | resource &quot;aws_elasticache_replication_group&quot; &quot;main&quot; {
		13 |   replication_group_id = &quot;${var.project}-redis-${var.environment}&quot;
		14 |   description          = &quot;Redis cache para ${var.project} - ${var.environment}&quot;
		15 | 
		16 |   node_type            = var.node_type
		17 |   port                 = 6379
		18 |   parameter_group_name = &quot;default.redis7&quot;
		19 |   engine_version       = &quot;7.0&quot;
		20 | 
		21 |   num_cache_clusters = var.num_cache_nodes
		22 |   subnet_group_name  = aws_elasticache_subnet_group.main.name
		23 |   security_group_ids = [var.sg_elasticache_id]
		24 | 
		25 |   # Habilitar encriptacion en transito y en reposo
		26 |   at_rest_encryption_enabled  = true
		27 |   transit_encryption_enabled  = true
		28 | 
		29 |   # Actualizaciones automaticas de version menor → Fix CKV_AWS_191
		30 |   auto_minor_version_upgrade = true
		31 | 
		32 |   # Habilitar backups automaticos (solo prod)
		33 |   snapshot_retention_limit = var.environment == &quot;prod&quot; ? 7 : 0
		34 |   snapshot_window          = &quot;03:00-04:00&quot;
		35 | 
		36 |   automatic_failover_enabled = var.num_cache_nodes &gt; 1 ? true : false
		37 | 
		38 |   tags = {
		39 |     Name        = &quot;${var.project}-redis-${var.environment}&quot;
		40 |     Project     = var.project
		41 |     Environment = var.environment
		42 |   }
		43 | }
</failure>
		</testcase>
		<testcase name="[NONE][CKV_AWS_290] Ensure IAM policies does not allow write access without constraints" classname="/servicios/iam/main.tf.aws_iam_role_policy.ec2_app" file="/servicios/iam/main.tf">
			<failure type="failure" message="Ensure IAM policies does not allow write access without constraints">
Resource: aws_iam_role_policy.ec2_app
File: /servicios/iam/main.tf: 21-65
Guideline: https://docs.prismacloud.io/en/enterprise-edition/policy-reference/aws-policies/aws-iam-policies/bc-aws-290

		21 | resource &quot;aws_iam_role_policy&quot; &quot;ec2_app&quot; {
		22 |   name = &quot;${var.project}-ec2-app-policy-${var.environment}&quot;
		23 |   role = aws_iam_role.ec2.id
		24 | 
		25 |   policy = jsonencode({
		26 |     Version = &quot;2012-10-17&quot;
		27 |     Statement = [
		28 |       {
		29 |         Sid    = &quot;SSMAccess&quot;
		30 |         Effect = &quot;Allow&quot;
		31 |         Action = [
		32 |           &quot;ssm:UpdateInstanceInformation&quot;,
		33 |           &quot;ssmmessages:CreateControlChannel&quot;,
		34 |           &quot;ssmmessages:CreateDataChannel&quot;,
		35 |           &quot;ssmmessages:OpenControlChannel&quot;,
		36 |           &quot;ssmmessages:OpenDataChannel&quot;
		37 |         ]
		38 |         Resource = &quot;*&quot;
		39 |       },
		40 |       {
		41 |         Sid    = &quot;SQSAccess&quot;
		42 |         Effect = &quot;Allow&quot;
		43 |         Action = [
		44 |           &quot;sqs:SendMessage&quot;,
		45 |           &quot;sqs:ReceiveMessage&quot;,
		46 |           &quot;sqs:DeleteMessage&quot;,
		47 |           &quot;sqs:GetQueueAttributes&quot;
		48 |         ]
		49 |         Resource = var.sqs_queue_arn
		50 |       },
		51 |       {
		52 |         Sid    = &quot;SNSPublish&quot;
		53 |         Effect = &quot;Allow&quot;
		54 |         Action = [&quot;sns:Publish&quot;]
		55 |         Resource = var.sns_topic_arn
		56 |       },
		57 |       {
		58 |         Sid    = &quot;S3Documentos&quot;
		59 |         Effect = &quot;Allow&quot;
		60 |         Action = [&quot;s3:PutObject&quot;, &quot;s3:GetObject&quot;]
		61 |         Resource = &quot;${var.s3_documentos_arn}/*&quot;
		62 |       }
		63 |     ]
		64 |   })
		65 | }
</failure>
		</testcase>
		<testcase name="[NONE][CKV_AWS_355] Ensure no IAM policies documents allow &quot;*&quot; as a statement's resource for restrictable actions" classname="/servicios/iam/main.tf.aws_iam_role_policy.ec2_app" file="/servicios/iam/main.tf">
			<failure type="failure" message="Ensure no IAM policies documents allow &quot;*&quot; as a statement's resource for restrictable actions">
Resource: aws_iam_role_policy.ec2_app
File: /servicios/iam/main.tf: 21-65
Guideline: https://docs.prismacloud.io/en/enterprise-edition/policy-reference/aws-policies/aws-iam-policies/bc-aws-355

		21 | resource &quot;aws_iam_role_policy&quot; &quot;ec2_app&quot; {
		22 |   name = &quot;${var.project}-ec2-app-policy-${var.environment}&quot;
		23 |   role = aws_iam_role.ec2.id
		24 | 
		25 |   policy = jsonencode({
		26 |     Version = &quot;2012-10-17&quot;
		27 |     Statement = [
		28 |       {
		29 |         Sid    = &quot;SSMAccess&quot;
		30 |         Effect = &quot;Allow&quot;
		31 |         Action = [
		32 |           &quot;ssm:UpdateInstanceInformation&quot;,
		33 |           &quot;ssmmessages:CreateControlChannel&quot;,
		34 |           &quot;ssmmessages:CreateDataChannel&quot;,
		35 |           &quot;ssmmessages:OpenControlChannel&quot;,
		36 |           &quot;ssmmessages:OpenDataChannel&quot;
		37 |         ]
		38 |         Resource = &quot;*&quot;
		39 |       },
		40 |       {
		41 |         Sid    = &quot;SQSAccess&quot;
		42 |         Effect = &quot;Allow&quot;
		43 |         Action = [
		44 |           &quot;sqs:SendMessage&quot;,
		45 |           &quot;sqs:ReceiveMessage&quot;,
		46 |           &quot;sqs:DeleteMessage&quot;,
		47 |           &quot;sqs:GetQueueAttributes&quot;
		48 |         ]
		49 |         Resource = var.sqs_queue_arn
		50 |       },
		51 |       {
		52 |         Sid    = &quot;SNSPublish&quot;
		53 |         Effect = &quot;Allow&quot;
		54 |         Action = [&quot;sns:Publish&quot;]
		55 |         Resource = var.sns_topic_arn
		56 |       },
		57 |       {
		58 |         Sid    = &quot;S3Documentos&quot;
		59 |         Effect = &quot;Allow&quot;
		60 |         Action = [&quot;s3:PutObject&quot;, &quot;s3:GetObject&quot;]
		61 |         Resource = &quot;${var.s3_documentos_arn}/*&quot;
		62 |       }
		63 |     ]
		64 |   })
		65 | }
</failure>
		</testcase>
		<testcase name="[NONE][CKV_AWS_290] Ensure IAM policies does not allow write access without constraints" classname="/servicios/iam/main.tf.aws_iam_role_policy.lambda_app" file="/servicios/iam/main.tf">
			<failure type="failure" message="Ensure IAM policies does not allow write access without constraints">
Resource: aws_iam_role_policy.lambda_app
File: /servicios/iam/main.tf: 94-135
Guideline: https://docs.prismacloud.io/en/enterprise-edition/policy-reference/aws-policies/aws-iam-policies/bc-aws-290

		94  | resource &quot;aws_iam_role_policy&quot; &quot;lambda_app&quot; {
		95  |   name = &quot;${var.project}-lambda-app-policy-${var.environment}&quot;
		96  |   role = aws_iam_role.lambda.id
		97  | 
		98  |   policy = jsonencode({
		99  |     Version = &quot;2012-10-17&quot;
		100 |     Statement = [
		101 |       {
		102 |         Sid    = &quot;CloudWatchLogs&quot;
		103 |         Effect = &quot;Allow&quot;
		104 |         Action = [
		105 |           &quot;logs:CreateLogGroup&quot;,
		106 |           &quot;logs:CreateLogStream&quot;,
		107 |           &quot;logs:PutLogEvents&quot;
		108 |         ]
		109 |         Resource = &quot;arn:aws:logs:*:*:*&quot;
		110 |       },
		111 |       {
		112 |         Sid    = &quot;SQSConsume&quot;
		113 |         Effect = &quot;Allow&quot;
		114 |         Action = [
		115 |           &quot;sqs:ReceiveMessage&quot;,
		116 |           &quot;sqs:DeleteMessage&quot;,
		117 |           &quot;sqs:GetQueueAttributes&quot;
		118 |         ]
		119 |         Resource = var.sqs_queue_arn
		120 |       },
		121 |       {
		122 |         Sid    = &quot;S3Documentos&quot;
		123 |         Effect = &quot;Allow&quot;
		124 |         Action = [&quot;s3:PutObject&quot;, &quot;s3:GetObject&quot;]
		125 |         Resource = &quot;${var.s3_documentos_arn}/*&quot;
		126 |       },
		127 |       {
		128 |         Sid    = &quot;InvokeLambda&quot;
		129 |         Effect = &quot;Allow&quot;
		130 |         Action = [&quot;lambda:InvokeFunction&quot;]
		131 |         Resource = &quot;*&quot;
		132 |       }
		133 |     ]
		134 |   })
		135 | }
</failure>
		</testcase>
		<testcase name="[NONE][CKV_AWS_355] Ensure no IAM policies documents allow &quot;*&quot; as a statement's resource for restrictable actions" classname="/servicios/iam/main.tf.aws_iam_role_policy.lambda_app" file="/servicios/iam/main.tf">
			<failure type="failure" message="Ensure no IAM policies documents allow &quot;*&quot; as a statement's resource for restrictable actions">
Resource: aws_iam_role_policy.lambda_app
File: /servicios/iam/main.tf: 94-135
Guideline: https://docs.prismacloud.io/en/enterprise-edition/policy-reference/aws-policies/aws-iam-policies/bc-aws-355

		94  | resource &quot;aws_iam_role_policy&quot; &quot;lambda_app&quot; {
		95  |   name = &quot;${var.project}-lambda-app-policy-${var.environment}&quot;
		96  |   role = aws_iam_role.lambda.id
		97  | 
		98  |   policy = jsonencode({
		99  |     Version = &quot;2012-10-17&quot;
		100 |     Statement = [
		101 |       {
		102 |         Sid    = &quot;CloudWatchLogs&quot;
		103 |         Effect = &quot;Allow&quot;
		104 |         Action = [
		105 |           &quot;logs:CreateLogGroup&quot;,
		106 |           &quot;logs:CreateLogStream&quot;,
		107 |           &quot;logs:PutLogEvents&quot;
		108 |         ]
		109 |         Resource = &quot;arn:aws:logs:*:*:*&quot;
		110 |       },
		111 |       {
		112 |         Sid    = &quot;SQSConsume&quot;
		113 |         Effect = &quot;Allow&quot;
		114 |         Action = [
		115 |           &quot;sqs:ReceiveMessage&quot;,
		116 |           &quot;sqs:DeleteMessage&quot;,
		117 |           &quot;sqs:GetQueueAttributes&quot;
		118 |         ]
		119 |         Resource = var.sqs_queue_arn
		120 |       },
		121 |       {
		122 |         Sid    = &quot;S3Documentos&quot;
		123 |         Effect = &quot;Allow&quot;
		124 |         Action = [&quot;s3:PutObject&quot;, &quot;s3:GetObject&quot;]
		125 |         Resource = &quot;${var.s3_documentos_arn}/*&quot;
		126 |       },
		127 |       {
		128 |         Sid    = &quot;InvokeLambda&quot;
		129 |         Effect = &quot;Allow&quot;
		130 |         Action = [&quot;lambda:InvokeFunction&quot;]
		131 |         Resource = &quot;*&quot;
		132 |       }
		133 |     ]
		134 |   })
		135 | }
</failure>
		</testcase>
		<testcase name="[NONE][CKV_AWS_117] Ensure that AWS Lambda function is configured inside a VPC" classname="/servicios/lambda/main.tf.aws_lambda_function.procesar_pedido" file="/servicios/lambda/main.tf">
			<failure type="failure" message="Ensure that AWS Lambda function is configured inside a VPC">
Resource: aws_lambda_function.procesar_pedido
File: /servicios/lambda/main.tf: 1-36
Guideline: https://docs.prismacloud.io/en/enterprise-edition/policy-reference/aws-policies/aws-general-policies/ensure-that-aws-lambda-function-is-configured-inside-a-vpc-1

		1  | resource &quot;aws_lambda_function&quot; &quot;procesar_pedido&quot; {
		2  |   function_name = &quot;${var.project}-procesar-pedido-${var.environment}&quot;
		3  |   role          = var.lambda_role_arn
		4  |   handler       = &quot;index.handler&quot;
		5  |   runtime       = &quot;nodejs20.x&quot;
		6  |   timeout       = 60
		7  |   memory_size   = 256
		8  | 
		9  |   s3_bucket = var.artifacts_bucket
		10 |   s3_key    = &quot;lambdas/procesar_pedido.zip&quot;
		11 | 
		12 |   # Habilitar X-Ray tracing → Fix CKV_AWS_50
		13 |   tracing_config {
		14 |     mode = &quot;Active&quot;
		15 |   }
		16 | 
		17 |   environment {
		18 |     variables = {
		19 |       ENVIRONMENT           = var.environment
		20 |       LAMBDA_ENVIAR_SMS_ARN = aws_lambda_function.enviar_sms_cocina.arn
		21 |       SQS_PEDIDOS_URL       = var.sqs_pedidos_url
		22 |       AURORA_HOST           = var.aurora_host
		23 |       AURORA_PORT           = &quot;5432&quot;
		24 |       AURORA_DB_NAME        = var.aurora_db_name
		25 |       AURORA_USER           = var.aurora_username
		26 |       AURORA_PASSWORD       = var.aurora_password
		27 |       REDIS_HOST            = var.redis_host
		28 |     }
		29 |   }
		30 | 
		31 |   tags = {
		32 |     Name        = &quot;${var.project}-procesar-pedido-${var.environment}&quot;
		33 |     Project     = var.project
		34 |     Environment = var.environment
		35 |   }
		36 | }
</failure>
		</testcase>
		<testcase name="[NONE][CKV_AWS_116] Ensure that AWS Lambda function is configured for a Dead Letter Queue(DLQ)" classname="/servicios/lambda/main.tf.aws_lambda_function.procesar_pedido" file="/servicios/lambda/main.tf">
			<failure type="failure" message="Ensure that AWS Lambda function is configured for a Dead Letter Queue(DLQ)">
Resource: aws_lambda_function.procesar_pedido
File: /servicios/lambda/main.tf: 1-36
Guideline: https://docs.prismacloud.io/en/enterprise-edition/policy-reference/aws-policies/aws-general-policies/ensure-that-aws-lambda-function-is-configured-for-a-dead-letter-queue-dlq

		1  | resource &quot;aws_lambda_function&quot; &quot;procesar_pedido&quot; {
		2  |   function_name = &quot;${var.project}-procesar-pedido-${var.environment}&quot;
		3  |   role          = var.lambda_role_arn
		4  |   handler       = &quot;index.handler&quot;
		5  |   runtime       = &quot;nodejs20.x&quot;
		6  |   timeout       = 60
		7  |   memory_size   = 256
		8  | 
		9  |   s3_bucket = var.artifacts_bucket
		10 |   s3_key    = &quot;lambdas/procesar_pedido.zip&quot;
		11 | 
		12 |   # Habilitar X-Ray tracing → Fix CKV_AWS_50
		13 |   tracing_config {
		14 |     mode = &quot;Active&quot;
		15 |   }
		16 | 
		17 |   environment {
		18 |     variables = {
		19 |       ENVIRONMENT           = var.environment
		20 |       LAMBDA_ENVIAR_SMS_ARN = aws_lambda_function.enviar_sms_cocina.arn
		21 |       SQS_PEDIDOS_URL       = var.sqs_pedidos_url
		22 |       AURORA_HOST           = var.aurora_host
		23 |       AURORA_PORT           = &quot;5432&quot;
		24 |       AURORA_DB_NAME        = var.aurora_db_name
		25 |       AURORA_USER           = var.aurora_username
		26 |       AURORA_PASSWORD       = var.aurora_password
		27 |       REDIS_HOST            = var.redis_host
		28 |     }
		29 |   }
		30 | 
		31 |   tags = {
		32 |     Name        = &quot;${var.project}-procesar-pedido-${var.environment}&quot;
		33 |     Project     = var.project
		34 |     Environment = var.environment
		35 |   }
		36 | }
</failure>
		</testcase>
		<testcase name="[NONE][CKV_AWS_272] Ensure AWS Lambda function is configured to validate code-signing" classname="/servicios/lambda/main.tf.aws_lambda_function.procesar_pedido" file="/servicios/lambda/main.tf">
			<failure type="failure" message="Ensure AWS Lambda function is configured to validate code-signing">
Resource: aws_lambda_function.procesar_pedido
File: /servicios/lambda/main.tf: 1-36
Guideline: https://docs.prismacloud.io/en/enterprise-edition/policy-reference/aws-policies/aws-general-policies/bc-aws-272

		1  | resource &quot;aws_lambda_function&quot; &quot;procesar_pedido&quot; {
		2  |   function_name = &quot;${var.project}-procesar-pedido-${var.environment}&quot;
		3  |   role          = var.lambda_role_arn
		4  |   handler       = &quot;index.handler&quot;
		5  |   runtime       = &quot;nodejs20.x&quot;
		6  |   timeout       = 60
		7  |   memory_size   = 256
		8  | 
		9  |   s3_bucket = var.artifacts_bucket
		10 |   s3_key    = &quot;lambdas/procesar_pedido.zip&quot;
		11 | 
		12 |   # Habilitar X-Ray tracing → Fix CKV_AWS_50
		13 |   tracing_config {
		14 |     mode = &quot;Active&quot;
		15 |   }
		16 | 
		17 |   environment {
		18 |     variables = {
		19 |       ENVIRONMENT           = var.environment
		20 |       LAMBDA_ENVIAR_SMS_ARN = aws_lambda_function.enviar_sms_cocina.arn
		21 |       SQS_PEDIDOS_URL       = var.sqs_pedidos_url
		22 |       AURORA_HOST           = var.aurora_host
		23 |       AURORA_PORT           = &quot;5432&quot;
		24 |       AURORA_DB_NAME        = var.aurora_db_name
		25 |       AURORA_USER           = var.aurora_username
		26 |       AURORA_PASSWORD       = var.aurora_password
		27 |       REDIS_HOST            = var.redis_host
		28 |     }
		29 |   }
		30 | 
		31 |   tags = {
		32 |     Name        = &quot;${var.project}-procesar-pedido-${var.environment}&quot;
		33 |     Project     = var.project
		34 |     Environment = var.environment
		35 |   }
		36 | }
</failure>
		</testcase>
		<testcase name="[NONE][CKV_AWS_115] Ensure that AWS Lambda function is configured for function-level concurrent execution limit" classname="/servicios/lambda/main.tf.aws_lambda_function.procesar_pedido" file="/servicios/lambda/main.tf">
			<failure type="failure" message="Ensure that AWS Lambda function is configured for function-level concurrent execution limit">
Resource: aws_lambda_function.procesar_pedido
File: /servicios/lambda/main.tf: 1-36
Guideline: https://docs.prismacloud.io/en/enterprise-edition/policy-reference/aws-policies/aws-general-policies/ensure-that-aws-lambda-function-is-configured-for-function-level-concurrent-execution-limit

		1  | resource &quot;aws_lambda_function&quot; &quot;procesar_pedido&quot; {
		2  |   function_name = &quot;${var.project}-procesar-pedido-${var.environment}&quot;
		3  |   role          = var.lambda_role_arn
		4  |   handler       = &quot;index.handler&quot;
		5  |   runtime       = &quot;nodejs20.x&quot;
		6  |   timeout       = 60
		7  |   memory_size   = 256
		8  | 
		9  |   s3_bucket = var.artifacts_bucket
		10 |   s3_key    = &quot;lambdas/procesar_pedido.zip&quot;
		11 | 
		12 |   # Habilitar X-Ray tracing → Fix CKV_AWS_50
		13 |   tracing_config {
		14 |     mode = &quot;Active&quot;
		15 |   }
		16 | 
		17 |   environment {
		18 |     variables = {
		19 |       ENVIRONMENT           = var.environment
		20 |       LAMBDA_ENVIAR_SMS_ARN = aws_lambda_function.enviar_sms_cocina.arn
		21 |       SQS_PEDIDOS_URL       = var.sqs_pedidos_url
		22 |       AURORA_HOST           = var.aurora_host
		23 |       AURORA_PORT           = &quot;5432&quot;
		24 |       AURORA_DB_NAME        = var.aurora_db_name
		25 |       AURORA_USER           = var.aurora_username
		26 |       AURORA_PASSWORD       = var.aurora_password
		27 |       REDIS_HOST            = var.redis_host
		28 |     }
		29 |   }
		30 | 
		31 |   tags = {
		32 |     Name        = &quot;${var.project}-procesar-pedido-${var.environment}&quot;
		33 |     Project     = var.project
		34 |     Environment = var.environment
		35 |   }
		36 | }
</failure>
		</testcase>
		<testcase name="[NONE][CKV_AWS_173] Check encryption settings for Lambda environmental variable" classname="/servicios/lambda/main.tf.aws_lambda_function.procesar_pedido" file="/servicios/lambda/main.tf">
			<failure type="failure" message="Check encryption settings for Lambda environmental variable">
Resource: aws_lambda_function.procesar_pedido
File: /servicios/lambda/main.tf: 1-36
Guideline: https://docs.prismacloud.io/en/enterprise-edition/policy-reference/aws-policies/aws-serverless-policies/bc-aws-serverless-5

		1  | resource &quot;aws_lambda_function&quot; &quot;procesar_pedido&quot; {
		2  |   function_name = &quot;${var.project}-procesar-pedido-${var.environment}&quot;
		3  |   role          = var.lambda_role_arn
		4  |   handler       = &quot;index.handler&quot;
		5  |   runtime       = &quot;nodejs20.x&quot;
		6  |   timeout       = 60
		7  |   memory_size   = 256
		8  | 
		9  |   s3_bucket = var.artifacts_bucket
		10 |   s3_key    = &quot;lambdas/procesar_pedido.zip&quot;
		11 | 
		12 |   # Habilitar X-Ray tracing → Fix CKV_AWS_50
		13 |   tracing_config {
		14 |     mode = &quot;Active&quot;
		15 |   }
		16 | 
		17 |   environment {
		18 |     variables = {
		19 |       ENVIRONMENT           = var.environment
		20 |       LAMBDA_ENVIAR_SMS_ARN = aws_lambda_function.enviar_sms_cocina.arn
		21 |       SQS_PEDIDOS_URL       = var.sqs_pedidos_url
		22 |       AURORA_HOST           = var.aurora_host
		23 |       AURORA_PORT           = &quot;5432&quot;
		24 |       AURORA_DB_NAME        = var.aurora_db_name
		25 |       AURORA_USER           = var.aurora_username
		26 |       AURORA_PASSWORD       = var.aurora_password
		27 |       REDIS_HOST            = var.redis_host
		28 |     }
		29 |   }
		30 | 
		31 |   tags = {
		32 |     Name        = &quot;${var.project}-procesar-pedido-${var.environment}&quot;
		33 |     Project     = var.project
		34 |     Environment = var.environment
		35 |   }
		36 | }
</failure>
		</testcase>
		<testcase name="[NONE][CKV_AWS_117] Ensure that AWS Lambda function is configured inside a VPC" classname="/servicios/lambda/main.tf.aws_lambda_function.enviar_sms_cocina" file="/servicios/lambda/main.tf">
			<failure type="failure" message="Ensure that AWS Lambda function is configured inside a VPC">
Resource: aws_lambda_function.enviar_sms_cocina
File: /servicios/lambda/main.tf: 39-67
Guideline: https://docs.prismacloud.io/en/enterprise-edition/policy-reference/aws-policies/aws-general-policies/ensure-that-aws-lambda-function-is-configured-inside-a-vpc-1

		39 | resource &quot;aws_lambda_function&quot; &quot;enviar_sms_cocina&quot; {
		40 |   function_name = &quot;${var.project}-enviar-sms-cocina-${var.environment}&quot;
		41 |   role          = var.lambda_role_arn
		42 |   handler       = &quot;index.handler&quot;
		43 |   runtime       = &quot;nodejs20.x&quot;
		44 |   timeout       = 30
		45 |   memory_size   = 128
		46 | 
		47 |   s3_bucket = var.artifacts_bucket
		48 |   s3_key    = &quot;lambdas/enviar_sms_cocina.zip&quot;
		49 | 
		50 |   # Habilitar X-Ray tracing → Fix CKV_AWS_50
		51 |   tracing_config {
		52 |     mode = &quot;Active&quot;
		53 |   }
		54 | 
		55 |   environment {
		56 |     variables = {
		57 |       ENVIRONMENT     = var.environment
		58 |       TELEFONO_COCINA = var.telefono_cocina
		59 |     }
		60 |   }
		61 | 
		62 |   tags = {
		63 |     Name        = &quot;${var.project}-enviar-sms-cocina-${var.environment}&quot;
		64 |     Project     = var.project
		65 |     Environment = var.environment
		66 |   }
		67 | }
</failure>
		</testcase>
		<testcase name="[NONE][CKV_AWS_116] Ensure that AWS Lambda function is configured for a Dead Letter Queue(DLQ)" classname="/servicios/lambda/main.tf.aws_lambda_function.enviar_sms_cocina" file="/servicios/lambda/main.tf">
			<failure type="failure" message="Ensure that AWS Lambda function is configured for a Dead Letter Queue(DLQ)">
Resource: aws_lambda_function.enviar_sms_cocina
File: /servicios/lambda/main.tf: 39-67
Guideline: https://docs.prismacloud.io/en/enterprise-edition/policy-reference/aws-policies/aws-general-policies/ensure-that-aws-lambda-function-is-configured-for-a-dead-letter-queue-dlq

		39 | resource &quot;aws_lambda_function&quot; &quot;enviar_sms_cocina&quot; {
		40 |   function_name = &quot;${var.project}-enviar-sms-cocina-${var.environment}&quot;
		41 |   role          = var.lambda_role_arn
		42 |   handler       = &quot;index.handler&quot;
		43 |   runtime       = &quot;nodejs20.x&quot;
		44 |   timeout       = 30
		45 |   memory_size   = 128
		46 | 
		47 |   s3_bucket = var.artifacts_bucket
		48 |   s3_key    = &quot;lambdas/enviar_sms_cocina.zip&quot;
		49 | 
		50 |   # Habilitar X-Ray tracing → Fix CKV_AWS_50
		51 |   tracing_config {
		52 |     mode = &quot;Active&quot;
		53 |   }
		54 | 
		55 |   environment {
		56 |     variables = {
		57 |       ENVIRONMENT     = var.environment
		58 |       TELEFONO_COCINA = var.telefono_cocina
		59 |     }
		60 |   }
		61 | 
		62 |   tags = {
		63 |     Name        = &quot;${var.project}-enviar-sms-cocina-${var.environment}&quot;
		64 |     Project     = var.project
		65 |     Environment = var.environment
		66 |   }
		67 | }
</failure>
		</testcase>
		<testcase name="[NONE][CKV_AWS_272] Ensure AWS Lambda function is configured to validate code-signing" classname="/servicios/lambda/main.tf.aws_lambda_function.enviar_sms_cocina" file="/servicios/lambda/main.tf">
			<failure type="failure" message="Ensure AWS Lambda function is configured to validate code-signing">
Resource: aws_lambda_function.enviar_sms_cocina
File: /servicios/lambda/main.tf: 39-67
Guideline: https://docs.prismacloud.io/en/enterprise-edition/policy-reference/aws-policies/aws-general-policies/bc-aws-272

		39 | resource &quot;aws_lambda_function&quot; &quot;enviar_sms_cocina&quot; {
		40 |   function_name = &quot;${var.project}-enviar-sms-cocina-${var.environment}&quot;
		41 |   role          = var.lambda_role_arn
		42 |   handler       = &quot;index.handler&quot;
		43 |   runtime       = &quot;nodejs20.x&quot;
		44 |   timeout       = 30
		45 |   memory_size   = 128
		46 | 
		47 |   s3_bucket = var.artifacts_bucket
		48 |   s3_key    = &quot;lambdas/enviar_sms_cocina.zip&quot;
		49 | 
		50 |   # Habilitar X-Ray tracing → Fix CKV_AWS_50
		51 |   tracing_config {
		52 |     mode = &quot;Active&quot;
		53 |   }
		54 | 
		55 |   environment {
		56 |     variables = {
		57 |       ENVIRONMENT     = var.environment
		58 |       TELEFONO_COCINA = var.telefono_cocina
		59 |     }
		60 |   }
		61 | 
		62 |   tags = {
		63 |     Name        = &quot;${var.project}-enviar-sms-cocina-${var.environment}&quot;
		64 |     Project     = var.project
		65 |     Environment = var.environment
		66 |   }
[...]
		87  |   }
		88  | 
		89  |   ingress {
		90  |     description = &quot;HTTP (redireccion a HTTPS)&quot;
		91  |     from_port   = 80
		92  |     to_port     = 80
		93  |     protocol    = &quot;tcp&quot;
		94  |     cidr_blocks = [&quot;0.0.0.0/0&quot;]
		95  |   }
		96  | 
		97  |   egress {
		98  |     from_port   = 0
		99  |     to_port     = 0
		100 |     protocol    = &quot;-1&quot;
		101 |     cidr_blocks = [&quot;0.0.0.0/0&quot;]
		102 |   }
		103 | 
		104 |   tags = {
		105 |     Name        = &quot;${var.project}-sg-alb-${var.environment}&quot;
		106 |     Project     = var.project
		107 |     Environment = var.environment
		108 |   }
		109 | }
</failure>
		</testcase>
		<testcase name="[NONE][CKV2_AWS_5] Ensure that Security Groups are attached to another resource" classname="/servicios/vpc/main.tf.aws_security_group.ec2" file="/servicios/vpc/main.tf">
			<failure type="failure" message="Ensure that Security Groups are attached to another resource">
Resource: aws_security_group.ec2
File: /servicios/vpc/main.tf: 112-137
Guideline: https://docs.prismacloud.io/en/enterprise-edition/policy-reference/aws-policies/aws-networking-policies/ensure-that-security-groups-are-attached-to-ec2-instances-or-elastic-network-interfaces-enis

		112 | resource &quot;aws_security_group&quot; &quot;ec2&quot; {
		113 |   name        = &quot;${var.project}-sg-ec2-${var.environment}&quot;
		114 |   description = &quot;Permite trafico desde el ALB hacia las EC2&quot;
		115 |   vpc_id      = aws_vpc.main.id
		116 | 
		117 |   ingress {
		118 |     description     = &quot;Puerto app desde ALB&quot;
		119 |     from_port       = var.app_port
		120 |     to_port         = var.app_port
		121 |     protocol        = &quot;tcp&quot;
		122 |     security_groups = [aws_security_group.alb.id]
		123 |   }
		124 | 
		125 |   egress {
		126 |     from_port   = 0
		127 |     to_port     = 0
		128 |     protocol    = &quot;-1&quot;
		129 |     cidr_blocks = [&quot;0.0.0.0/0&quot;]
		130 |   }
		131 | 
		132 |   tags = {
		133 |     Name        = &quot;${var.project}-sg-ec2-${var.environment}&quot;
		134 |     Project     = var.project
		135 |     Environment = var.environment
		136 |   }
		137 | }
</failure>
		</testcase>
		<testcase name="[NONE][CKV2_AWS_5] Ensure that Security Groups are attached to another resource" classname="/servicios/vpc/main.tf.aws_security_group.aurora" file="/servicios/vpc/main.tf">
			<failure type="failure" message="Ensure that Security Groups are attached to another resource">
Resource: aws_security_group.aurora
File: /servicios/vpc/main.tf: 140-165
Guideline: https://docs.prismacloud.io/en/enterprise-edition/policy-reference/aws-policies/aws-networking-policies/ensure-that-security-groups-are-attached-to-ec2-instances-or-elastic-network-interfaces-enis

		140 | resource &quot;aws_security_group&quot; &quot;aurora&quot; {
		141 |   name        = &quot;${var.project}-sg-aurora-${var.environment}&quot;
		142 |   description = &quot;Permite trafico MySQL desde las EC2&quot;
		143 |   vpc_id      = aws_vpc.main.id
		144 | 
		145 |   ingress {
		146 |     description     = &quot;MySQL desde EC2&quot;
		147 |     from_port       = 3306
		148 |     to_port         = 3306
		149 |     protocol        = &quot;tcp&quot;
		150 |     security_groups = [aws_security_group.ec2.id]
		151 |   }
		152 | 
		153 |   egress {
		154 |     from_port   = 0
		155 |     to_port     = 0
		156 |     protocol    = &quot;-1&quot;
		157 |     cidr_blocks = [&quot;0.0.0.0/0&quot;]
		158 |   }
		159 | 
		160 |   tags = {
		161 |     Name        = &quot;${var.project}-sg-aurora-${var.environment}&quot;
		162 |     Project     = var.project
		163 |     Environment = var.environment
		164 |   }
		165 | }
</failure>
		</testcase>
		<testcase name="[NONE][CKV2_AWS_5] Ensure that Security Groups are attached to another resource" classname="/servicios/vpc/main.tf.aws_security_group.elasticache" file="/servicios/vpc/main.tf">
			<failure type="failure" message="Ensure that Security Groups are attached to another resource">
Resource: aws_security_group.elasticache
File: /servicios/vpc/main.tf: 168-193
Guideline: https://docs.prismacloud.io/en/enterprise-edition/policy-reference/aws-policies/aws-networking-policies/ensure-that-security-groups-are-attached-to-ec2-instances-or-elastic-network-interfaces-enis

		168 | resource &quot;aws_security_group&quot; &quot;elasticache&quot; {
		169 |   name        = &quot;${var.project}-sg-redis-${var.environment}&quot;
		170 |   description = &quot;Permite trafico Redis desde las EC2&quot;
		171 |   vpc_id      = aws_vpc.main.id
		172 | 
		173 |   ingress {
		174 |     description     = &quot;Redis desde EC2&quot;
		175 |     from_port       = 6379
		176 |     to_port         = 6379
		177 |     protocol        = &quot;tcp&quot;
		178 |     security_groups = [aws_security_group.ec2.id]
		179 |   }
		180 | 
		181 |   egress {
		182 |     from_port   = 0
		183 |     to_port     = 0
		184 |     protocol    = &quot;-1&quot;
		185 |     cidr_blocks = [&quot;0.0.0.0/0&quot;]
		186 |   }
		187 | 
		188 |   tags = {
		189 |     Name        = &quot;${var.project}-sg-redis-${var.environment}&quot;
		190 |     Project     = var.project
		191 |     Environment = var.environment
		192 |   }
		193 | }
</failure>
		</testcase>
		<testcase name="[NONE][CKV2_AWS_31] Ensure WAF2 has a Logging Configuration" classname="/servicios/waf/main.tf.aws_wafv2_web_acl.main" file="/servicios/waf/main.tf">
			<failure type="failure" message="Ensure WAF2 has a Logging Configuration">
Resource: aws_wafv2_web_acl.main
File: /servicios/waf/main.tf: 1-91
Guideline: https://docs.prismacloud.io/en/enterprise-edition/policy-reference/aws-policies/aws-logging-policies/bc-aws-logging-33

		Code lines for this resource are too many. Please use IDE of your choice to review the file.</failure>
		</testcase>
		<testcase name="[NONE][CKV_AWS_145] Ensure that S3 buckets are encrypted with KMS by default" classname="/servicios/s3/main.tf.aws_s3_bucket.frontend" file="/servicios/s3/main.tf">
			<failure type="failure" message="Ensure that S3 buckets are encrypted with KMS by default">
Resource: aws_s3_bucket.frontend
File: /servicios/s3/main.tf: 9-17
Guideline: https://docs.prismacloud.io/en/enterprise-edition/policy-reference/aws-policies/aws-general-policies/ensure-that-s3-buckets-are-encrypted-with-kms-by-default

		9  | resource &quot;aws_s3_bucket&quot; &quot;frontend&quot; {
		10 |   bucket = &quot;${var.project}-frontend-${var.environment}&quot;
		11 | 
		12 |   tags = {
		13 |     Name        = &quot;${var.project}-frontend-${var.environment}&quot;
		14 |     Project     = var.project
		15 |     Environment = var.environment
		16 |   }
		17 | }
</failure>
		</testcase>
		<testcase name="[NONE][CKV_AWS_145] Ensure that S3 buckets are encrypted with KMS by default" classname="/servicios/s3/main.tf.aws_s3_bucket.documentos" file="/servicios/s3/main.tf">
			<failure type="failure" message="Ensure that S3 buckets are encrypted with KMS by default">
Resource: aws_s3_bucket.documentos
File: /servicios/s3/main.tf: 62-70
Guideline: https://docs.prismacloud.io/en/enterprise-edition/policy-reference/aws-policies/aws-general-policies/ensure-that-s3-buckets-are-encrypted-with-kms-by-default

		62 | resource &quot;aws_s3_bucket&quot; &quot;documentos&quot; {
		63 |   bucket = &quot;${var.project}-documentos-${var.environment}&quot;
		64 | 
		65 |   tags = {
		66 |     Name        = &quot;${var.project}-documentos-${var.environment}&quot;
		67 |     Project     = var.project
		68 |     Environment = var.environment
		69 |   }
		70 | }
</failure>
		</testcase>
		<testcase name="[NONE][CKV_AWS_145] Ensure that S3 buckets are encrypted with KMS by default" classname="/servicios/s3/main.tf.aws_s3_bucket.logs" file="/servicios/s3/main.tf">
			<failure type="failure" message="Ensure that S3 buckets are encrypted with KMS by default">
Resource: aws_s3_bucket.logs
File: /servicios/s3/main.tf: 109-117
Guideline: https://docs.prismacloud.io/en/enterprise-edition/policy-reference/aws-policies/aws-general-policies/ensure-that-s3-buckets-are-encrypted-with-kms-by-default

		109 | resource &quot;aws_s3_bucket&quot; &quot;logs&quot; {
		110 |   bucket = &quot;${var.project}-logs-${var.environment}&quot;
		111 | 
		112 |   tags = {
		113 |     Name        = &quot;${var.project}-logs-${var.environment}&quot;
		114 |     Project     = var.project
		115 |     Environment = var.environment
		116 |   }
		117 | }
</failure>
		</testcase>
		<testcase name="[NONE][CKV2_AWS_12] Ensure the default security group of every VPC restricts all traffic" classname="/servicios/vpc/main.tf.aws_vpc.main" file="/servicios/vpc/main.tf">
			<failure type="failure" message="Ensure the default security group of every VPC restricts all traffic">
Resource: aws_vpc.main
File: /servicios/vpc/main.tf: 1-11
Guideline: https://docs.prismacloud.io/en/enterprise-edition/policy-reference/aws-policies/aws-networking-policies/networking-4

		1  | resource &quot;aws_vpc&quot; &quot;main&quot; {
		2  |   cidr_block           = var.vpc_cidr
		3  |   enable_dns_support   = true
		4  |   enable_dns_hostnames = true
		5  | 
		6  |   tags = {
		7  |     Name        = &quot;${var.project}-vpc-${var.environment}&quot;
		8  |     Project     = var.project
		9  |     Environment = var.environment
		10 |   }
		11 | }
</failure>
		</testcase>
		<testcase name="[NONE][CKV2_AWS_62] Ensure S3 buckets should have event notifications enabled" classname="/servicios/s3/main.tf.aws_s3_bucket.frontend" file="/servicios/s3/main.tf">
			<failure type="failure" message="Ensure S3 buckets should have event notifications enabled">
Resource: aws_s3_bucket.frontend
File: /servicios/s3/main.tf: 9-17
Guideline: https://docs.prismacloud.io/en/enterprise-edition/policy-reference/aws-policies/aws-logging-policies/bc-aws-2-62

		9  | resource &quot;aws_s3_bucket&quot; &quot;frontend&quot; {
		10 |   bucket = &quot;${var.project}-frontend-${var.environment}&quot;
		11 | 
		12 |   tags = {
		13 |     Name        = &quot;${var.project}-frontend-${var.environment}&quot;
		14 |     Project     = var.project
		15 |     Environment = var.environment
		16 |   }
		17 | }
</failure>
		</testcase>
		<testcase name="[NONE][CKV2_AWS_62] Ensure S3 buckets should have event notifications enabled" classname="/servicios/s3/main.tf.aws_s3_bucket.documentos" file="/servicios/s3/main.tf">
			<failure type="failure" message="Ensure S3 buckets should have event notifications enabled">
Resource: aws_s3_bucket.documentos
File: /servicios/s3/main.tf: 62-70
Guideline: https://docs.prismacloud.io/en/enterprise-edition/policy-reference/aws-policies/aws-logging-policies/bc-aws-2-62

		62 | resource &quot;aws_s3_bucket&quot; &quot;documentos&quot; {
		63 |   bucket = &quot;${var.project}-documentos-${var.environment}&quot;
		64 | 
		65 |   tags = {
		66 |     Name        = &quot;${var.project}-documentos-${var.environment}&quot;
		67 |     Project     = var.project
		68 |     Environment = var.environment
		69 |   }
		70 | }
</failure>
		</testcase>
		<testcase name="[NONE][CKV2_AWS_62] Ensure S3 buckets should have event notifications enabled" classname="/servicios/s3/main.tf.aws_s3_bucket.logs" file="/servicios/s3/main.tf">
			<failure type="failure" message="Ensure S3 buckets should have event notifications enabled">
Resource: aws_s3_bucket.logs
File: /servicios/s3/main.tf: 109-117
Guideline: https://docs.prismacloud.io/en/enterprise-edition/policy-reference/aws-policies/aws-logging-policies/bc-aws-2-62

		109 | resource &quot;aws_s3_bucket&quot; &quot;logs&quot; {
		110 |   bucket = &quot;${var.project}-logs-${var.environment}&quot;
		111 | 
		112 |   tags = {
		113 |     Name        = &quot;${var.project}-logs-${var.environment}&quot;
		114 |     Project     = var.project
		115 |     Environment = var.environment
		116 |   }
		117 | }
</failure>
		</testcase>
		<testcase name="[NONE][CKV2_AWS_39] Ensure Domain Name System (DNS) query logging is enabled for Amazon Route 53 hosted zones" classname="/servicios/route53/main.tf.aws_route53_zone.main" file="/servicios/route53/main.tf">
			<failure type="failure" message="Ensure Domain Name System (DNS) query logging is enabled for Amazon Route 53 hosted zones">
Resource: aws_route53_zone.main
File: /servicios/route53/main.tf: 1-9
Guideline: https://docs.prismacloud.io/en/enterprise-edition/policy-reference/aws-policies/aws-logging-policies/bc-aws-2-39

		1 | resource &quot;aws_route53_zone&quot; &quot;main&quot; {
		2 |   name = var.domain_name
		3 | 
		4 |   tags = {
		5 |     Name        = &quot;${var.project}-hz-${var.environment}&quot;
		6 |     Project     = var.project
		7 |     Environment = var.environment
		8 |   }
		9 | }
</failure>
		</testcase>
		<testcase name="[NONE][CKV2_AWS_8] Ensure that RDS clusters has backup plan of AWS Backup" classname="/servicios/aurora/main.tf.aws_rds_cluster.main" file="/servicios/aurora/main.tf">
			<failure type="failure" message="Ensure that RDS clusters has backup plan of AWS Backup">
Resource: aws_rds_cluster.main
File: /servicios/aurora/main.tf: 20-57
Guideline: https://docs.prismacloud.io/en/enterprise-edition/policy-reference/aws-policies/aws-general-policies/ensure-that-rds-clusters-has-backup-plan-of-aws-backup

		20 | resource &quot;aws_rds_cluster&quot; &quot;main&quot; {
		21 |   cluster_identifier      = &quot;${var.project}-aurora-${var.environment}&quot;
		22 |   engine                  = &quot;aurora-mysql&quot;
		23 |   engine_version          = &quot;8.0.mysql_aurora.3.04.0&quot;
		24 |   database_name           = var.db_name
		25 |   master_username         = var.db_username
		26 |   master_password         = var.db_password
		27 |   db_subnet_group_name    = aws_db_subnet_group.main.name
		28 |   vpc_security_group_ids  = [var.sg_aurora_id]
		29 | 
		30 |   backup_retention_period = var.environment == &quot;prod&quot; ? 7 : 1
		31 |   preferred_backup_window = &quot;02:00-03:00&quot;
		32 | 
		33 |   # Proteccion contra borrado accidental en prod
		34 |   deletion_protection = var.environment == &quot;prod&quot; ? true : false
		35 |   skip_final_snapshot = var.environment == &quot;prod&quot; ? false : true
		36 |   final_snapshot_identifier = var.environment == &quot;prod&quot; ? &quot;${var.project}-aurora-final-snapshot&quot; : null
		37 | 
		38 |   storage_encrypted = true
		39 | 
		40 |   # Autenticacion IAM en vez de solo usuario/clave → Fix CKV_AWS_162
		41 |   iam_database_authentication_enabled = true
		42 | 
		43 |   # Copiar tags a los snapshots de backup → Fix CKV_AWS_313
		44 |   copy_tags_to_snapshot = true
		45 | 
		46 |   # Exportar logs a CloudWatch → Fix CKV_AWS_324 y CKV_AWS_325
		47 |   enabled_cloudwatch_logs_exports = [&quot;audit&quot;, &quot;error&quot;, &quot;general&quot;, &quot;slowquery&quot;]
		48 | 
		49 |   # Backtracking: permite &quot;rebobinar&quot; el cluster hasta 72h → Fix CKV_AWS_326
		50 |   backtrack_window = 259200  # 72 horas en segundos
		51 | 
		52 |   tags = {
		53 |     Name        = &quot;${var.project}-aurora-cluster-${var.environment}&quot;
		54 |     Project     = var.project
		55 |     Environment = var.environment
		56 |   }
		57 | }
</failure>
		</testcase>
		<testcase name="[NONE][CKV_AWS_144] Ensure that S3 bucket has cross-region replication enabled" classname="/servicios/s3/main.tf.aws_s3_bucket.frontend" file="/servicios/s3/main.tf">
			<failure type="failure" message="Ensure that S3 bucket has cross-region replication enabled">
Resource: aws_s3_bucket.frontend
File: /servicios/s3/main.tf: 9-17
Guideline: https://docs.prismacloud.io/en/enterprise-edition/policy-reference/aws-policies/aws-general-policies/ensure-that-s3-bucket-has-cross-region-replication-enabled

		9  | resource &quot;aws_s3_bucket&quot; &quot;frontend&quot; {
		10 |   bucket = &quot;${var.project}-frontend-${var.environment}&quot;
		11 | 
		12 |   tags = {
		13 |     Name        = &quot;${var.project}-frontend-${var.environment}&quot;
		14 |     Project     = var.project
		15 |     Environment = var.environment
		16 |   }
		17 | }
</failure>
		</testcase>
		<testcase name="[NONE][CKV_AWS_144] Ensure that S3 bucket has cross-region replication enabled" classname="/servicios/s3/main.tf.aws_s3_bucket.documentos" file="/servicios/s3/main.tf">
			<failure type="failure" message="Ensure that S3 bucket has cross-region replication enabled">
Resource: aws_s3_bucket.documentos
File: /servicios/s3/main.tf: 62-70
Guideline: https://docs.prismacloud.io/en/enterprise-edition/policy-reference/aws-policies/aws-general-policies/ensure-that-s3-bucket-has-cross-region-replication-enabled

		62 | resource &quot;aws_s3_bucket&quot; &quot;documentos&quot; {
		63 |   bucket = &quot;${var.project}-documentos-${var.environment}&quot;
		64 | 
		65 |   tags = {
		66 |     Name        = &quot;${var.project}-documentos-${var.environment}&quot;
		67 |     Project     = var.project
		68 |     Environment = var.environment
		69 |   }
		70 | }
</failure>
		</testcase>
		<testcase name="[NONE][CKV_AWS_144] Ensure that S3 bucket has cross-region replication enabled" classname="/servicios/s3/main.tf.aws_s3_bucket.logs" file="/servicios/s3/main.tf">
			<failure type="failure" message="Ensure that S3 bucket has cross-region replication enabled">
Resource: aws_s3_bucket.logs
File: /servicios/s3/main.tf: 109-117
Guideline: https://docs.prismacloud.io/en/enterprise-edition/policy-reference/aws-policies/aws-general-policies/ensure-that-s3-bucket-has-cross-region-replication-enabled

		109 | resource &quot;aws_s3_bucket&quot; &quot;logs&quot; {
		110 |   bucket = &quot;${var.project}-logs-${var.environment}&quot;
		111 | 
		112 |   tags = {
		113 |     Name        = &quot;${var.project}-logs-${var.environment}&quot;
		114 |     Project     = var.project
		115 |     Environment = var.environment
		116 |   }
		117 | }
</failure>
		</testcase>
		<testcase name="[NONE][CKV2_AWS_28] Ensure public facing ALB are protected by WAF" classname="/servicios/alb/main.tf.aws_lb.main" file="/servicios/alb/main.tf">
			<failure type="failure" message="Ensure public facing ALB are protected by WAF">
Resource: aws_lb.main
File: /servicios/alb/main.tf: 2-23
Guideline: https://docs.prismacloud.io/en/enterprise-edition/policy-reference/aws-policies/aws-networking-policies/ensure-public-facing-alb-are-protected-by-waf

		2  | resource &quot;aws_lb&quot; &quot;main&quot; {
		3  |   name               = &quot;${var.project}-alb-${var.environment}&quot;
		4  |   internal           = false
		5  |   load_balancer_type = &quot;application&quot;
		6  |   security_groups    = [var.sg_alb_id]
		7  |   subnets            = var.public_subnet_ids
		8  | 
		9  |   enable_deletion_protection = var.environment == &quot;prod&quot; ? true : false
		10 |   drop_invalid_header_fields = true
		11 | 
		12 |   access_logs {
		13 |     bucket  = var.alb_logs_bucket
		14 |     prefix  = &quot;${var.project}/${var.environment}/alb&quot;
		15 |     enabled = true
		16 |   }
		17 | 
		18 |   tags = {
		19 |     Name        = &quot;${var.project}-alb-${var.environment}&quot;
		20 |     Project     = var.project
		21 |     Environment = var.environment
		22 |   }
		23 | }
</failure>
		</testcase>
		<testcase name="[NONE][CKV2_AWS_47] Ensure AWS CloudFront attached WAFv2 WebACL is configured with AMR for Log4j Vulnerability" classname="/servicios/cloudfront/main.tf.aws_cloudfront_distribution.main" file="/servicios/cloudfront/main.tf">
			<failure type="failure" message="Ensure AWS CloudFront attached WAFv2 WebACL is configured with AMR for Log4j Vulnerability">
Resource: aws_cloudfront_distribution.main
File: /servicios/cloudfront/main.tf: 10-77
Guideline: https://docs.prismacloud.io/en/enterprise-edition/policy-reference/aws-policies/aws-general-policies/bc-aws-general-47

		Code lines for this resource are too many. Please use IDE of your choice to review the file.</failure>
		</testcase>
	</testsuite>
</testsuites>
